{"C:\\Dev\\hay-chess-tracker\\src\\lib\\parser.ts": {"path":"C:\\Dev\\hay-chess-tracker\\src\\lib\\parser.ts","statementMap":{"0":{"start":{"line":13,"column":18},"end":{"line":13,"column":null}},"1":{"start":{"line":19,"column":2},"end":{"line":19,"column":null}},"2":{"start":{"line":27,"column":2},"end":{"line":30,"column":null}},"3":{"start":{"line":37,"column":16},"end":{"line":37,"column":null}},"4":{"start":{"line":38,"column":2},"end":{"line":38,"column":null}},"5":{"start":{"line":45,"column":21},"end":{"line":45,"column":null}},"6":{"start":{"line":46,"column":2},"end":{"line":46,"column":null}},"7":{"start":{"line":58,"column":2},"end":{"line":58,"column":null}},"8":{"start":{"line":58,"column":37},"end":{"line":58,"column":null}},"9":{"start":{"line":61,"column":2},"end":{"line":63,"column":null}},"10":{"start":{"line":62,"column":4},"end":{"line":62,"column":null}},"11":{"start":{"line":66,"column":16},"end":{"line":66,"column":null}},"12":{"start":{"line":67,"column":2},"end":{"line":67,"column":null}},"13":{"start":{"line":67,"column":14},"end":{"line":67,"column":null}},"14":{"start":{"line":69,"column":34},"end":{"line":69,"column":null}},"15":{"start":{"line":72,"column":2},"end":{"line":74,"column":null}},"16":{"start":{"line":72,"column":22},"end":{"line":72,"column":null}},"17":{"start":{"line":72,"column":30},"end":{"line":74,"column":null}},"18":{"start":{"line":73,"column":27},"end":{"line":73,"column":null}},"19":{"start":{"line":74,"column":7},"end":{"line":74,"column":null}},"20":{"start":{"line":76,"column":2},"end":{"line":80,"column":null}},"21":{"start":{"line":88,"column":12},"end":{"line":88,"column":null}},"22":{"start":{"line":89,"column":24},"end":{"line":89,"column":null}},"23":{"start":{"line":92,"column":2},"end":{"line":103,"column":null}},"24":{"start":{"line":93,"column":18},"end":{"line":93,"column":null}},"25":{"start":{"line":94,"column":4},"end":{"line":94,"column":null}},"26":{"start":{"line":94,"column":26},"end":{"line":94,"column":null}},"27":{"start":{"line":96,"column":20},"end":{"line":96,"column":null}},"28":{"start":{"line":97,"column":17},"end":{"line":97,"column":null}},"29":{"start":{"line":98,"column":17},"end":{"line":98,"column":null}},"30":{"start":{"line":100,"column":4},"end":{"line":102,"column":null}},"31":{"start":{"line":101,"column":6},"end":{"line":101,"column":null}},"32":{"start":{"line":105,"column":2},"end":{"line":105,"column":null}},"33":{"start":{"line":118,"column":12},"end":{"line":118,"column":null}},"34":{"start":{"line":119,"column":28},"end":{"line":119,"column":null}},"35":{"start":{"line":122,"column":16},"end":{"line":122,"column":null}},"36":{"start":{"line":123,"column":20},"end":{"line":123,"column":null}},"37":{"start":{"line":126,"column":33},"end":{"line":126,"column":null}},"38":{"start":{"line":127,"column":2},"end":{"line":132,"column":null}},"39":{"start":{"line":128,"column":17},"end":{"line":128,"column":null}},"40":{"start":{"line":129,"column":4},"end":{"line":131,"column":null}},"41":{"start":{"line":130,"column":6},"end":{"line":130,"column":null}},"42":{"start":{"line":133,"column":20},"end":{"line":133,"column":null}},"43":{"start":{"line":136,"column":17},"end":{"line":136,"column":null}},"44":{"start":{"line":137,"column":22},"end":{"line":137,"column":null}},"45":{"start":{"line":138,"column":18},"end":{"line":138,"column":null}},"46":{"start":{"line":140,"column":2},"end":{"line":145,"column":null}},"47":{"start":{"line":141,"column":17},"end":{"line":141,"column":null}},"48":{"start":{"line":142,"column":4},"end":{"line":142,"column":null}},"49":{"start":{"line":142,"column":24},"end":{"line":142,"column":null}},"50":{"start":{"line":143,"column":4},"end":{"line":143,"column":null}},"51":{"start":{"line":143,"column":41},"end":{"line":143,"column":null}},"52":{"start":{"line":144,"column":4},"end":{"line":144,"column":null}},"53":{"start":{"line":144,"column":25},"end":{"line":144,"column":null}},"54":{"start":{"line":148,"column":2},"end":{"line":198,"column":null}},"55":{"start":{"line":149,"column":18},"end":{"line":149,"column":null}},"56":{"start":{"line":150,"column":4},"end":{"line":150,"column":null}},"57":{"start":{"line":150,"column":26},"end":{"line":150,"column":null}},"58":{"start":{"line":153,"column":20},"end":{"line":153,"column":null}},"59":{"start":{"line":154,"column":20},"end":{"line":154,"column":null}},"60":{"start":{"line":155,"column":17},"end":{"line":155,"column":null}},"61":{"start":{"line":157,"column":20},"end":{"line":157,"column":null}},"62":{"start":{"line":158,"column":16},"end":{"line":158,"column":null}},"63":{"start":{"line":161,"column":17},"end":{"line":161,"column":null}},"64":{"start":{"line":164,"column":4},"end":{"line":164,"column":null}},"65":{"start":{"line":164,"column":28},"end":{"line":164,"column":null}},"66":{"start":{"line":167,"column":30},"end":{"line":167,"column":null}},"67":{"start":{"line":168,"column":4},"end":{"line":172,"column":null}},"68":{"start":{"line":169,"column":23},"end":{"line":169,"column":null}},"69":{"start":{"line":170,"column":21},"end":{"line":170,"column":null}},"70":{"start":{"line":171,"column":6},"end":{"line":171,"column":null}},"71":{"start":{"line":171,"column":18},"end":{"line":171,"column":null}},"72":{"start":{"line":175,"column":26},"end":{"line":177,"column":null}},"73":{"start":{"line":179,"column":21},"end":{"line":181,"column":null}},"74":{"start":{"line":183,"column":24},"end":{"line":185,"column":null}},"75":{"start":{"line":187,"column":4},"end":{"line":197,"column":null}},"76":{"start":{"line":200,"column":2},"end":{"line":200,"column":null}},"77":{"start":{"line":207,"column":17},"end":{"line":207,"column":null}},"78":{"start":{"line":208,"column":2},"end":{"line":214,"column":null}},"79":{"start":{"line":209,"column":4},"end":{"line":213,"column":null}},"80":{"start":{"line":210,"column":6},"end":{"line":212,"column":null}},"81":{"start":{"line":211,"column":8},"end":{"line":211,"column":null}},"82":{"start":{"line":215,"column":2},"end":{"line":215,"column":null}},"83":{"start":{"line":225,"column":22},"end":{"line":225,"column":null}},"84":{"start":{"line":227,"column":2},"end":{"line":234,"column":null}},"85":{"start":{"line":228,"column":4},"end":{"line":233,"column":null}},"86":{"start":{"line":237,"column":22},"end":{"line":242,"column":null}},"87":{"start":{"line":238,"column":28},"end":{"line":240,"column":null}},"88":{"start":{"line":239,"column":19},"end":{"line":239,"column":42}},"89":{"start":{"line":240,"column":26},"end":{"line":240,"column":41}},"90":{"start":{"line":241,"column":4},"end":{"line":241,"column":null}},"91":{"start":{"line":244,"column":24},"end":{"line":244,"column":null}},"92":{"start":{"line":246,"column":2},"end":{"line":251,"column":null}},"93":{"start":{"line":267,"column":24},"end":{"line":267,"column":null}},"94":{"start":{"line":270,"column":18},"end":{"line":270,"column":null}},"95":{"start":{"line":273,"column":23},"end":{"line":273,"column":null}},"96":{"start":{"line":275,"column":2},"end":{"line":275,"column":null}}},"fnMap":{"0":{"name":"getListUrl","decl":{"start":{"line":18,"column":16},"end":{"line":18,"column":27}},"loc":{"start":{"line":18,"column":55},"end":{"line":20,"column":null}},"line":18},"1":{"name":"cleanPlayerName","decl":{"start":{"line":26,"column":9},"end":{"line":26,"column":25}},"loc":{"start":{"line":26,"column":46},"end":{"line":31,"column":null}},"line":26},"2":{"name":"parseElo","decl":{"start":{"line":36,"column":9},"end":{"line":36,"column":18}},"loc":{"start":{"line":36,"column":40},"end":{"line":39,"column":null}},"line":36},"3":{"name":"parsePoints","decl":{"start":{"line":44,"column":9},"end":{"line":44,"column":21}},"loc":{"start":{"line":44,"column":43},"end":{"line":47,"column":null}},"line":44},"4":{"name":"parseRoundResult","decl":{"start":{"line":54,"column":9},"end":{"line":54,"column":null}},"loc":{"start":{"line":57,"column":17},"end":{"line":81,"column":null}},"line":57},"5":{"name":"parsePlayerClubs","decl":{"start":{"line":87,"column":16},"end":{"line":87,"column":33}},"loc":{"start":{"line":87,"column":72},"end":{"line":106,"column":null}},"line":87},"6":{"name":"(anonymous_6)","decl":{"start":{"line":92,"column":21},"end":{"line":92,"column":22}},"loc":{"start":{"line":92,"column":33},"end":{"line":103,"column":3}},"line":92},"7":{"name":"parseResults","decl":{"start":{"line":114,"column":16},"end":{"line":114,"column":null}},"loc":{"start":{"line":117,"column":12},"end":{"line":201,"column":null}},"line":117},"8":{"name":"(anonymous_8)","decl":{"start":{"line":127,"column":28},"end":{"line":127,"column":29}},"loc":{"start":{"line":127,"column":39},"end":{"line":132,"column":3}},"line":127},"9":{"name":"(anonymous_9)","decl":{"start":{"line":140,"column":28},"end":{"line":140,"column":29}},"loc":{"start":{"line":140,"column":39},"end":{"line":145,"column":3}},"line":140},"10":{"name":"(anonymous_10)","decl":{"start":{"line":148,"column":30},"end":{"line":148,"column":31}},"loc":{"start":{"line":148,"column":42},"end":{"line":198,"column":3}},"line":148},"11":{"name":"(anonymous_11)","decl":{"start":{"line":168,"column":25},"end":{"line":168,"column":26}},"loc":{"start":{"line":168,"column":51},"end":{"line":172,"column":5}},"line":168},"12":{"name":"detectCurrentRound","decl":{"start":{"line":206,"column":16},"end":{"line":206,"column":35}},"loc":{"start":{"line":206,"column":62},"end":{"line":216,"column":null}},"line":206},"13":{"name":"(anonymous_13)","decl":{"start":{"line":208,"column":18},"end":{"line":208,"column":28}},"loc":{"start":{"line":208,"column":28},"end":{"line":214,"column":3}},"line":208},"14":{"name":"(anonymous_14)","decl":{"start":{"line":209,"column":27},"end":{"line":209,"column":37}},"loc":{"start":{"line":209,"column":37},"end":{"line":213,"column":5}},"line":209},"15":{"name":"calculateClubStats","decl":{"start":{"line":221,"column":16},"end":{"line":221,"column":null}},"loc":{"start":{"line":224,"column":13},"end":{"line":252,"column":null}},"line":224},"16":{"name":"(anonymous_16)","decl":{"start":{"line":237,"column":37},"end":{"line":237,"column":38}},"loc":{"start":{"line":237,"column":54},"end":{"line":242,"column":5}},"line":237},"17":{"name":"(anonymous_17)","decl":{"start":{"line":239,"column":14},"end":{"line":239,"column":19}},"loc":{"start":{"line":239,"column":19},"end":{"line":239,"column":42}},"line":239},"18":{"name":"(anonymous_18)","decl":{"start":{"line":240,"column":14},"end":{"line":240,"column":15}},"loc":{"start":{"line":240,"column":26},"end":{"line":240,"column":41}},"line":240},"19":{"name":"parseFFePages","decl":{"start":{"line":262,"column":16},"end":{"line":262,"column":null}},"loc":{"start":{"line":265,"column":47},"end":{"line":276,"column":null}},"line":265}},"branchMap":{"0":{"loc":{"start":{"line":38,"column":9},"end":{"line":38,"column":null}},"type":"cond-expr","locations":[{"start":{"line":38,"column":17},"end":{"line":38,"column":38}},{"start":{"line":38,"column":38},"end":{"line":38,"column":null}}],"line":38},"1":{"loc":{"start":{"line":46,"column":9},"end":{"line":46,"column":null}},"type":"binary-expr","locations":[{"start":{"line":46,"column":9},"end":{"line":46,"column":35}},{"start":{"line":46,"column":35},"end":{"line":46,"column":null}}],"line":46},"2":{"loc":{"start":{"line":58,"column":2},"end":{"line":58,"column":null}},"type":"if","locations":[{"start":{"line":58,"column":2},"end":{"line":58,"column":null}},{"start":{},"end":{}}],"line":58},"3":{"loc":{"start":{"line":58,"column":6},"end":{"line":58,"column":37}},"type":"binary-expr","locations":[{"start":{"line":58,"column":6},"end":{"line":58,"column":19}},{"start":{"line":58,"column":19},"end":{"line":58,"column":37}}],"line":58},"4":{"loc":{"start":{"line":61,"column":2},"end":{"line":63,"column":null}},"type":"if","locations":[{"start":{"line":61,"column":2},"end":{"line":63,"column":null}},{"start":{},"end":{}}],"line":61},"5":{"loc":{"start":{"line":61,"column":6},"end":{"line":61,"column":54}},"type":"binary-expr","locations":[{"start":{"line":61,"column":6},"end":{"line":61,"column":28}},{"start":{"line":61,"column":28},"end":{"line":61,"column":54}}],"line":61},"6":{"loc":{"start":{"line":67,"column":2},"end":{"line":67,"column":null}},"type":"if","locations":[{"start":{"line":67,"column":2},"end":{"line":67,"column":null}},{"start":{},"end":{}}],"line":67},"7":{"loc":{"start":{"line":72,"column":2},"end":{"line":74,"column":null}},"type":"if","locations":[{"start":{"line":72,"column":2},"end":{"line":74,"column":null}},{"start":{"line":72,"column":30},"end":{"line":74,"column":null}}],"line":72},"8":{"loc":{"start":{"line":72,"column":30},"end":{"line":74,"column":null}},"type":"if","locations":[{"start":{"line":72,"column":30},"end":{"line":74,"column":null}},{"start":{"line":74,"column":7},"end":{"line":74,"column":null}}],"line":72},"9":{"loc":{"start":{"line":94,"column":4},"end":{"line":94,"column":null}},"type":"if","locations":[{"start":{"line":94,"column":4},"end":{"line":94,"column":null}},{"start":{},"end":{}}],"line":94},"10":{"loc":{"start":{"line":100,"column":4},"end":{"line":102,"column":null}},"type":"if","locations":[{"start":{"line":100,"column":4},"end":{"line":102,"column":null}},{"start":{},"end":{}}],"line":100},"11":{"loc":{"start":{"line":100,"column":8},"end":{"line":100,"column":22}},"type":"binary-expr","locations":[{"start":{"line":100,"column":8},"end":{"line":100,"column":16}},{"start":{"line":100,"column":16},"end":{"line":100,"column":22}}],"line":100},"12":{"loc":{"start":{"line":129,"column":4},"end":{"line":131,"column":null}},"type":"if","locations":[{"start":{"line":129,"column":4},"end":{"line":131,"column":null}},{"start":{},"end":{}}],"line":129},"13":{"loc":{"start":{"line":142,"column":4},"end":{"line":142,"column":null}},"type":"if","locations":[{"start":{"line":142,"column":4},"end":{"line":142,"column":null}},{"start":{},"end":{}}],"line":142},"14":{"loc":{"start":{"line":143,"column":4},"end":{"line":143,"column":null}},"type":"if","locations":[{"start":{"line":143,"column":4},"end":{"line":143,"column":null}},{"start":{},"end":{}}],"line":143},"15":{"loc":{"start":{"line":143,"column":8},"end":{"line":143,"column":41}},"type":"binary-expr","locations":[{"start":{"line":143,"column":8},"end":{"line":143,"column":26}},{"start":{"line":143,"column":26},"end":{"line":143,"column":41}}],"line":143},"16":{"loc":{"start":{"line":144,"column":4},"end":{"line":144,"column":null}},"type":"if","locations":[{"start":{"line":144,"column":4},"end":{"line":144,"column":null}},{"start":{},"end":{}}],"line":144},"17":{"loc":{"start":{"line":150,"column":4},"end":{"line":150,"column":null}},"type":"if","locations":[{"start":{"line":150,"column":4},"end":{"line":150,"column":null}},{"start":{},"end":{}}],"line":150},"18":{"loc":{"start":{"line":153,"column":20},"end":{"line":153,"column":null}},"type":"binary-expr","locations":[{"start":{"line":153,"column":20},"end":{"line":153,"column":59}},{"start":{"line":153,"column":59},"end":{"line":153,"column":null}}],"line":153},"19":{"loc":{"start":{"line":161,"column":17},"end":{"line":161,"column":null}},"type":"binary-expr","locations":[{"start":{"line":161,"column":17},"end":{"line":161,"column":44}},{"start":{"line":161,"column":44},"end":{"line":161,"column":null}}],"line":161},"20":{"loc":{"start":{"line":164,"column":4},"end":{"line":164,"column":null}},"type":"if","locations":[{"start":{"line":164,"column":4},"end":{"line":164,"column":null}},{"start":{},"end":{}}],"line":164},"21":{"loc":{"start":{"line":171,"column":6},"end":{"line":171,"column":null}},"type":"if","locations":[{"start":{"line":171,"column":6},"end":{"line":171,"column":null}},{"start":{},"end":{}}],"line":171},"22":{"loc":{"start":{"line":175,"column":26},"end":{"line":177,"column":null}},"type":"cond-expr","locations":[{"start":{"line":176,"column":8},"end":{"line":176,"column":null}},{"start":{"line":177,"column":8},"end":{"line":177,"column":null}}],"line":175},"23":{"loc":{"start":{"line":179,"column":21},"end":{"line":181,"column":null}},"type":"cond-expr","locations":[{"start":{"line":180,"column":8},"end":{"line":180,"column":null}},{"start":{"line":181,"column":8},"end":{"line":181,"column":null}}],"line":179},"24":{"loc":{"start":{"line":180,"column":8},"end":{"line":180,"column":null}},"type":"binary-expr","locations":[{"start":{"line":180,"column":8},"end":{"line":180,"column":61}},{"start":{"line":180,"column":61},"end":{"line":180,"column":null}}],"line":180},"25":{"loc":{"start":{"line":183,"column":24},"end":{"line":185,"column":null}},"type":"cond-expr","locations":[{"start":{"line":184,"column":8},"end":{"line":184,"column":null}},{"start":{"line":185,"column":8},"end":{"line":185,"column":null}}],"line":183},"26":{"loc":{"start":{"line":184,"column":8},"end":{"line":184,"column":null}},"type":"binary-expr","locations":[{"start":{"line":184,"column":8},"end":{"line":184,"column":55}},{"start":{"line":184,"column":55},"end":{"line":184,"column":null}}],"line":184},"27":{"loc":{"start":{"line":210,"column":6},"end":{"line":212,"column":null}},"type":"if","locations":[{"start":{"line":210,"column":6},"end":{"line":212,"column":null}},{"start":{},"end":{}}],"line":210},"28":{"loc":{"start":{"line":227,"column":2},"end":{"line":234,"column":null}},"type":"if","locations":[{"start":{"line":227,"column":2},"end":{"line":234,"column":null}},{"start":{},"end":{}}],"line":227}},"s":{"0":1,"1":1,"2":9,"3":5,"4":5,"5":4,"6":4,"7":7,"8":0,"9":7,"10":1,"11":6,"12":6,"13":0,"14":6,"15":6,"16":3,"17":3,"18":1,"19":2,"20":6,"21":4,"22":4,"23":4,"24":4,"25":4,"26":0,"27":4,"28":4,"29":4,"30":4,"31":4,"32":4,"33":5,"34":5,"35":5,"36":5,"37":5,"38":5,"39":29,"40":29,"41":7,"42":5,"43":5,"44":5,"45":5,"46":5,"47":29,"48":29,"49":5,"50":29,"51":1,"52":29,"53":1,"54":5,"55":6,"56":6,"57":1,"58":5,"59":6,"60":6,"61":6,"62":6,"63":6,"64":6,"65":1,"66":4,"67":4,"68":7,"69":7,"70":7,"71":7,"72":4,"73":6,"74":6,"75":6,"76":5,"77":3,"78":3,"79":3,"80":6,"81":4,"82":3,"83":3,"84":3,"85":1,"86":2,"87":3,"88":7,"89":6,"90":3,"91":2,"92":2,"93":1,"94":1,"95":1,"96":1},"f":{"0":1,"1":9,"2":5,"3":4,"4":7,"5":4,"6":4,"7":5,"8":29,"9":29,"10":6,"11":7,"12":3,"13":3,"14":6,"15":3,"16":3,"17":7,"18":6,"19":1},"b":{"0":[5,0],"1":[4,0],"2":[0,7],"3":[7,7],"4":[1,6],"5":[7,6],"6":[0,6],"7":[3,3],"8":[1,2],"9":[0,4],"10":[4,0],"11":[4,4],"12":[7,22],"13":[5,24],"14":[1,28],"15":[29,29],"16":[1,28],"17":[1,5],"18":[5,0],"19":[6,0],"20":[1,5],"21":[7,0],"22":[4,0],"23":[1,3],"24":[1,0],"25":[1,3],"26":[1,0],"27":[4,2],"28":[1,2]},"meta":{"lastBranch":29,"lastFunction":20,"lastStatement":97,"seen":{"s:13:18:13:Infinity":0,"f:18:16:18:27":0,"s:19:2:19:Infinity":1,"f:26:9:26:25":1,"s:27:2:30:Infinity":2,"f:36:9:36:18":2,"s:37:16:37:Infinity":3,"s:38:2:38:Infinity":4,"b:38:17:38:38:38:38:38:Infinity":0,"f:44:9:44:21":3,"s:45:21:45:Infinity":5,"s:46:2:46:Infinity":6,"b:46:9:46:35:46:35:46:Infinity":1,"f:54:9:54:Infinity":4,"b:58:2:58:Infinity:undefined:undefined:undefined:undefined":2,"s:58:2:58:Infinity":7,"b:58:6:58:19:58:19:58:37":3,"s:58:37:58:Infinity":8,"b:61:2:63:Infinity:undefined:undefined:undefined:undefined":4,"s:61:2:63:Infinity":9,"b:61:6:61:28:61:28:61:54":5,"s:62:4:62:Infinity":10,"s:66:16:66:Infinity":11,"b:67:2:67:Infinity:undefined:undefined:undefined:undefined":6,"s:67:2:67:Infinity":12,"s:67:14:67:Infinity":13,"s:69:34:69:Infinity":14,"b:72:2:74:Infinity:72:30:74:Infinity":7,"s:72:2:74:Infinity":15,"s:72:22:72:Infinity":16,"b:72:30:74:Infinity:74:7:74:Infinity":8,"s:72:30:74:Infinity":17,"s:73:27:73:Infinity":18,"s:74:7:74:Infinity":19,"s:76:2:80:Infinity":20,"f:87:16:87:33":5,"s:88:12:88:Infinity":21,"s:89:24:89:Infinity":22,"s:92:2:103:Infinity":23,"f:92:21:92:22":6,"s:93:18:93:Infinity":24,"b:94:4:94:Infinity:undefined:undefined:undefined:undefined":9,"s:94:4:94:Infinity":25,"s:94:26:94:Infinity":26,"s:96:20:96:Infinity":27,"s:97:17:97:Infinity":28,"s:98:17:98:Infinity":29,"b:100:4:102:Infinity:undefined:undefined:undefined:undefined":10,"s:100:4:102:Infinity":30,"b:100:8:100:16:100:16:100:22":11,"s:101:6:101:Infinity":31,"s:105:2:105:Infinity":32,"f:114:16:114:Infinity":7,"s:118:12:118:Infinity":33,"s:119:28:119:Infinity":34,"s:122:16:122:Infinity":35,"s:123:20:123:Infinity":36,"s:126:33:126:Infinity":37,"s:127:2:132:Infinity":38,"f:127:28:127:29":8,"s:128:17:128:Infinity":39,"b:129:4:131:Infinity:undefined:undefined:undefined:undefined":12,"s:129:4:131:Infinity":40,"s:130:6:130:Infinity":41,"s:133:20:133:Infinity":42,"s:136:17:136:Infinity":43,"s:137:22:137:Infinity":44,"s:138:18:138:Infinity":45,"s:140:2:145:Infinity":46,"f:140:28:140:29":9,"s:141:17:141:Infinity":47,"b:142:4:142:Infinity:undefined:undefined:undefined:undefined":13,"s:142:4:142:Infinity":48,"s:142:24:142:Infinity":49,"b:143:4:143:Infinity:undefined:undefined:undefined:undefined":14,"s:143:4:143:Infinity":50,"b:143:8:143:26:143:26:143:41":15,"s:143:41:143:Infinity":51,"b:144:4:144:Infinity:undefined:undefined:undefined:undefined":16,"s:144:4:144:Infinity":52,"s:144:25:144:Infinity":53,"s:148:2:198:Infinity":54,"f:148:30:148:31":10,"s:149:18:149:Infinity":55,"b:150:4:150:Infinity:undefined:undefined:undefined:undefined":17,"s:150:4:150:Infinity":56,"s:150:26:150:Infinity":57,"s:153:20:153:Infinity":58,"b:153:20:153:59:153:59:153:Infinity":18,"s:154:20:154:Infinity":59,"s:155:17:155:Infinity":60,"s:157:20:157:Infinity":61,"s:158:16:158:Infinity":62,"s:161:17:161:Infinity":63,"b:161:17:161:44:161:44:161:Infinity":19,"b:164:4:164:Infinity:undefined:undefined:undefined:undefined":20,"s:164:4:164:Infinity":64,"s:164:28:164:Infinity":65,"s:167:30:167:Infinity":66,"s:168:4:172:Infinity":67,"f:168:25:168:26":11,"s:169:23:169:Infinity":68,"s:170:21:170:Infinity":69,"b:171:6:171:Infinity:undefined:undefined:undefined:undefined":21,"s:171:6:171:Infinity":70,"s:171:18:171:Infinity":71,"s:175:26:177:Infinity":72,"b:176:8:176:Infinity:177:8:177:Infinity":22,"s:179:21:181:Infinity":73,"b:180:8:180:Infinity:181:8:181:Infinity":23,"b:180:8:180:61:180:61:180:Infinity":24,"s:183:24:185:Infinity":74,"b:184:8:184:Infinity:185:8:185:Infinity":25,"b:184:8:184:55:184:55:184:Infinity":26,"s:187:4:197:Infinity":75,"s:200:2:200:Infinity":76,"f:206:16:206:35":12,"s:207:17:207:Infinity":77,"s:208:2:214:Infinity":78,"f:208:18:208:28":13,"s:209:4:213:Infinity":79,"f:209:27:209:37":14,"b:210:6:212:Infinity:undefined:undefined:undefined:undefined":27,"s:210:6:212:Infinity":80,"s:211:8:211:Infinity":81,"s:215:2:215:Infinity":82,"f:221:16:221:Infinity":15,"s:225:22:225:Infinity":83,"b:227:2:234:Infinity:undefined:undefined:undefined:undefined":28,"s:227:2:234:Infinity":84,"s:228:4:233:Infinity":85,"s:237:22:242:Infinity":86,"f:237:37:237:38":16,"s:238:28:240:Infinity":87,"f:239:14:239:19":17,"s:239:19:239:42":88,"f:240:14:240:15":18,"s:240:26:240:41":89,"s:241:4:241:Infinity":90,"s:244:24:244:Infinity":91,"s:246:2:251:Infinity":92,"f:262:16:262:Infinity":19,"s:267:24:267:Infinity":93,"s:270:18:270:Infinity":94,"s:273:23:273:Infinity":95,"s:275:2:275:Infinity":96}}}
,"C:\\Dev\\hay-chess-tracker\\src\\lib\\storage.ts": {"path":"C:\\Dev\\hay-chess-tracker\\src\\lib\\storage.ts","statementMap":{"0":{"start":{"line":3,"column":20},"end":{"line":3,"column":null}},"1":{"start":{"line":7,"column":2},"end":{"line":24,"column":null}},"2":{"start":{"line":8,"column":17},"end":{"line":8,"column":null}},"3":{"start":{"line":9,"column":4},"end":{"line":15,"column":null}},"4":{"start":{"line":10,"column":6},"end":{"line":14,"column":null}},"5":{"start":{"line":16,"column":4},"end":{"line":16,"column":null}},"6":{"start":{"line":18,"column":4},"end":{"line":18,"column":null}},"7":{"start":{"line":19,"column":4},"end":{"line":23,"column":null}},"8":{"start":{"line":29,"column":2},"end":{"line":34,"column":null}},"9":{"start":{"line":30,"column":4},"end":{"line":30,"column":null}},"10":{"start":{"line":32,"column":4},"end":{"line":32,"column":null}},"11":{"start":{"line":33,"column":4},"end":{"line":33,"column":null}},"12":{"start":{"line":39,"column":15},"end":{"line":39,"column":null}},"13":{"start":{"line":40,"column":2},"end":{"line":40,"column":null}},"14":{"start":{"line":40,"column":28},"end":{"line":40,"column":null}},"15":{"start":{"line":41,"column":2},"end":{"line":41,"column":null}},"16":{"start":{"line":41,"column":31},"end":{"line":41,"column":59}},"17":{"start":{"line":46,"column":15},"end":{"line":46,"column":null}},"18":{"start":{"line":47,"column":24},"end":{"line":47,"column":null}},"19":{"start":{"line":47,"column":51},"end":{"line":47,"column":68}},"20":{"start":{"line":49,"column":2},"end":{"line":53,"column":null}},"21":{"start":{"line":50,"column":4},"end":{"line":50,"column":null}},"22":{"start":{"line":52,"column":4},"end":{"line":52,"column":null}},"23":{"start":{"line":55,"column":2},"end":{"line":55,"column":null}},"24":{"start":{"line":56,"column":2},"end":{"line":56,"column":null}},"25":{"start":{"line":61,"column":15},"end":{"line":61,"column":null}},"26":{"start":{"line":62,"column":2},"end":{"line":62,"column":null}},"27":{"start":{"line":62,"column":40},"end":{"line":62,"column":56}},"28":{"start":{"line":64,"column":2},"end":{"line":66,"column":null}},"29":{"start":{"line":65,"column":4},"end":{"line":65,"column":null}},"30":{"start":{"line":69,"column":16},"end":{"line":69,"column":null}},"31":{"start":{"line":69,"column":38},"end":{"line":69,"column":54}},"32":{"start":{"line":70,"column":2},"end":{"line":74,"column":null}},"33":{"start":{"line":71,"column":4},"end":{"line":73,"column":null}},"34":{"start":{"line":72,"column":6},"end":{"line":72,"column":null}},"35":{"start":{"line":76,"column":2},"end":{"line":76,"column":null}},"36":{"start":{"line":81,"column":15},"end":{"line":81,"column":null}},"37":{"start":{"line":82,"column":2},"end":{"line":82,"column":null}},"38":{"start":{"line":92,"column":15},"end":{"line":92,"column":null}},"39":{"start":{"line":94,"column":2},"end":{"line":96,"column":null}},"40":{"start":{"line":95,"column":4},"end":{"line":95,"column":null}},"41":{"start":{"line":98,"column":2},"end":{"line":100,"column":null}},"42":{"start":{"line":99,"column":4},"end":{"line":99,"column":null}},"43":{"start":{"line":102,"column":2},"end":{"line":102,"column":null}},"44":{"start":{"line":103,"column":2},"end":{"line":103,"column":null}},"45":{"start":{"line":112,"column":15},"end":{"line":112,"column":null}},"46":{"start":{"line":113,"column":2},"end":{"line":113,"column":null}},"47":{"start":{"line":118,"column":2},"end":{"line":122,"column":null}},"48":{"start":{"line":119,"column":4},"end":{"line":119,"column":null}},"49":{"start":{"line":121,"column":4},"end":{"line":121,"column":null}},"50":{"start":{"line":127,"column":15},"end":{"line":127,"column":null}},"51":{"start":{"line":128,"column":2},"end":{"line":128,"column":null}},"52":{"start":{"line":133,"column":2},"end":{"line":140,"column":null}},"53":{"start":{"line":134,"column":17},"end":{"line":134,"column":null}},"54":{"start":{"line":135,"column":4},"end":{"line":135,"column":null}},"55":{"start":{"line":136,"column":4},"end":{"line":136,"column":null}},"56":{"start":{"line":138,"column":4},"end":{"line":138,"column":null}},"57":{"start":{"line":139,"column":4},"end":{"line":139,"column":null}}},"fnMap":{"0":{"name":"getStorageData","decl":{"start":{"line":6,"column":16},"end":{"line":6,"column":46}},"loc":{"start":{"line":6,"column":46},"end":{"line":25,"column":null}},"line":6},"1":{"name":"setStorageData","decl":{"start":{"line":28,"column":16},"end":{"line":28,"column":31}},"loc":{"start":{"line":28,"column":56},"end":{"line":35,"column":null}},"line":28},"2":{"name":"getCurrentEvent","decl":{"start":{"line":38,"column":16},"end":{"line":38,"column":48}},"loc":{"start":{"line":38,"column":48},"end":{"line":42,"column":null}},"line":38},"3":{"name":"(anonymous_3)","decl":{"start":{"line":41,"column":26},"end":{"line":41,"column":31}},"loc":{"start":{"line":41,"column":31},"end":{"line":41,"column":59}},"line":41},"4":{"name":"saveEvent","decl":{"start":{"line":45,"column":16},"end":{"line":45,"column":26}},"loc":{"start":{"line":45,"column":46},"end":{"line":57,"column":null}},"line":45},"5":{"name":"(anonymous_5)","decl":{"start":{"line":47,"column":46},"end":{"line":47,"column":51}},"loc":{"start":{"line":47,"column":51},"end":{"line":47,"column":68}},"line":47},"6":{"name":"deleteEvent","decl":{"start":{"line":60,"column":16},"end":{"line":60,"column":28}},"loc":{"start":{"line":60,"column":51},"end":{"line":77,"column":null}},"line":60},"7":{"name":"(anonymous_7)","decl":{"start":{"line":62,"column":35},"end":{"line":62,"column":40}},"loc":{"start":{"line":62,"column":40},"end":{"line":62,"column":56}},"line":62},"8":{"name":"(anonymous_8)","decl":{"start":{"line":69,"column":33},"end":{"line":69,"column":38}},"loc":{"start":{"line":69,"column":38},"end":{"line":69,"column":54}},"line":69},"9":{"name":"(anonymous_9)","decl":{"start":{"line":71,"column":30},"end":{"line":71,"column":35}},"loc":{"start":{"line":71,"column":35},"end":{"line":73,"column":5}},"line":71},"10":{"name":"getValidationState","decl":{"start":{"line":80,"column":16},"end":{"line":80,"column":54}},"loc":{"start":{"line":80,"column":54},"end":{"line":83,"column":null}},"line":80},"11":{"name":"setValidation","decl":{"start":{"line":86,"column":16},"end":{"line":86,"column":null}},"loc":{"start":{"line":91,"column":8},"end":{"line":104,"column":null}},"line":91},"12":{"name":"getValidation","decl":{"start":{"line":107,"column":16},"end":{"line":107,"column":null}},"loc":{"start":{"line":111,"column":11},"end":{"line":114,"column":null}},"line":111},"13":{"name":"clearAllData","decl":{"start":{"line":117,"column":16},"end":{"line":117,"column":37}},"loc":{"start":{"line":117,"column":37},"end":{"line":123,"column":null}},"line":117},"14":{"name":"exportData","decl":{"start":{"line":126,"column":16},"end":{"line":126,"column":37}},"loc":{"start":{"line":126,"column":37},"end":{"line":129,"column":null}},"line":126},"15":{"name":"importData","decl":{"start":{"line":132,"column":16},"end":{"line":132,"column":27}},"loc":{"start":{"line":132,"column":56},"end":{"line":141,"column":null}},"line":132}},"branchMap":{"0":{"loc":{"start":{"line":9,"column":4},"end":{"line":15,"column":null}},"type":"if","locations":[{"start":{"line":9,"column":4},"end":{"line":15,"column":null}},{"start":{},"end":{}}],"line":9},"1":{"loc":{"start":{"line":40,"column":2},"end":{"line":40,"column":null}},"type":"if","locations":[{"start":{"line":40,"column":2},"end":{"line":40,"column":null}},{"start":{},"end":{}}],"line":40},"2":{"loc":{"start":{"line":41,"column":9},"end":{"line":41,"column":null}},"type":"binary-expr","locations":[{"start":{"line":41,"column":9},"end":{"line":41,"column":64}},{"start":{"line":41,"column":64},"end":{"line":41,"column":null}}],"line":41},"3":{"loc":{"start":{"line":49,"column":2},"end":{"line":53,"column":null}},"type":"if","locations":[{"start":{"line":49,"column":2},"end":{"line":53,"column":null}},{"start":{"line":51,"column":9},"end":{"line":53,"column":null}}],"line":49},"4":{"loc":{"start":{"line":64,"column":2},"end":{"line":66,"column":null}},"type":"if","locations":[{"start":{"line":64,"column":2},"end":{"line":66,"column":null}},{"start":{},"end":{}}],"line":64},"5":{"loc":{"start":{"line":65,"column":26},"end":{"line":65,"column":null}},"type":"binary-expr","locations":[{"start":{"line":65,"column":26},"end":{"line":65,"column":48}},{"start":{"line":65,"column":48},"end":{"line":65,"column":null}}],"line":65},"6":{"loc":{"start":{"line":70,"column":2},"end":{"line":74,"column":null}},"type":"if","locations":[{"start":{"line":70,"column":2},"end":{"line":74,"column":null}},{"start":{},"end":{}}],"line":70},"7":{"loc":{"start":{"line":94,"column":2},"end":{"line":96,"column":null}},"type":"if","locations":[{"start":{"line":94,"column":2},"end":{"line":96,"column":null}},{"start":{},"end":{}}],"line":94},"8":{"loc":{"start":{"line":98,"column":2},"end":{"line":100,"column":null}},"type":"if","locations":[{"start":{"line":98,"column":2},"end":{"line":100,"column":null}},{"start":{},"end":{}}],"line":98},"9":{"loc":{"start":{"line":113,"column":9},"end":{"line":113,"column":null}},"type":"binary-expr","locations":[{"start":{"line":113,"column":9},"end":{"line":113,"column":77}},{"start":{"line":113,"column":77},"end":{"line":113,"column":null}}],"line":113}},"s":{"0":1,"1":31,"2":31,"3":31,"4":12,"5":19,"6":1,"7":1,"8":19,"9":19,"10":0,"11":0,"12":3,"13":3,"14":1,"15":2,"16":1,"17":8,"18":8,"19":2,"20":8,"21":1,"22":7,"23":8,"24":8,"25":2,"26":2,"27":3,"28":2,"29":2,"30":2,"31":1,"32":2,"33":0,"34":0,"35":2,"36":1,"37":1,"38":5,"39":5,"40":4,"41":5,"42":5,"43":5,"44":5,"45":2,"46":2,"47":1,"48":1,"49":0,"50":1,"51":1,"52":2,"53":2,"54":2,"55":2,"56":1,"57":1},"f":{"0":31,"1":19,"2":3,"3":1,"4":8,"5":2,"6":2,"7":3,"8":1,"9":0,"10":1,"11":5,"12":2,"13":1,"14":1,"15":2},"b":{"0":[12,19],"1":[1,2],"2":[2,1],"3":[1,7],"4":[2,0],"5":[2,1],"6":[0,2],"7":[4,1],"8":[5,0],"9":[2,1]},"meta":{"lastBranch":10,"lastFunction":16,"lastStatement":58,"seen":{"s:3:20:3:Infinity":0,"f:6:16:6:46":0,"s:7:2:24:Infinity":1,"s:8:17:8:Infinity":2,"b:9:4:15:Infinity:undefined:undefined:undefined:undefined":0,"s:9:4:15:Infinity":3,"s:10:6:14:Infinity":4,"s:16:4:16:Infinity":5,"s:18:4:18:Infinity":6,"s:19:4:23:Infinity":7,"f:28:16:28:31":1,"s:29:2:34:Infinity":8,"s:30:4:30:Infinity":9,"s:32:4:32:Infinity":10,"s:33:4:33:Infinity":11,"f:38:16:38:48":2,"s:39:15:39:Infinity":12,"b:40:2:40:Infinity:undefined:undefined:undefined:undefined":1,"s:40:2:40:Infinity":13,"s:40:28:40:Infinity":14,"s:41:2:41:Infinity":15,"b:41:9:41:64:41:64:41:Infinity":2,"f:41:26:41:31":3,"s:41:31:41:59":16,"f:45:16:45:26":4,"s:46:15:46:Infinity":17,"s:47:24:47:Infinity":18,"f:47:46:47:51":5,"s:47:51:47:68":19,"b:49:2:53:Infinity:51:9:53:Infinity":3,"s:49:2:53:Infinity":20,"s:50:4:50:Infinity":21,"s:52:4:52:Infinity":22,"s:55:2:55:Infinity":23,"s:56:2:56:Infinity":24,"f:60:16:60:28":6,"s:61:15:61:Infinity":25,"s:62:2:62:Infinity":26,"f:62:35:62:40":7,"s:62:40:62:56":27,"b:64:2:66:Infinity:undefined:undefined:undefined:undefined":4,"s:64:2:66:Infinity":28,"s:65:4:65:Infinity":29,"b:65:26:65:48:65:48:65:Infinity":5,"s:69:16:69:Infinity":30,"f:69:33:69:38":8,"s:69:38:69:54":31,"b:70:2:74:Infinity:undefined:undefined:undefined:undefined":6,"s:70:2:74:Infinity":32,"s:71:4:73:Infinity":33,"f:71:30:71:35":9,"s:72:6:72:Infinity":34,"s:76:2:76:Infinity":35,"f:80:16:80:54":10,"s:81:15:81:Infinity":36,"s:82:2:82:Infinity":37,"f:86:16:86:Infinity":11,"s:92:15:92:Infinity":38,"b:94:2:96:Infinity:undefined:undefined:undefined:undefined":7,"s:94:2:96:Infinity":39,"s:95:4:95:Infinity":40,"b:98:2:100:Infinity:undefined:undefined:undefined:undefined":8,"s:98:2:100:Infinity":41,"s:99:4:99:Infinity":42,"s:102:2:102:Infinity":43,"s:103:2:103:Infinity":44,"f:107:16:107:Infinity":12,"s:112:15:112:Infinity":45,"s:113:2:113:Infinity":46,"b:113:9:113:77:113:77:113:Infinity":9,"f:117:16:117:37":13,"s:118:2:122:Infinity":47,"s:119:4:119:Infinity":48,"s:121:4:121:Infinity":49,"f:126:16:126:37":14,"s:127:15:127:Infinity":50,"s:128:2:128:Infinity":51,"f:132:16:132:27":15,"s:133:2:140:Infinity":52,"s:134:17:134:Infinity":53,"s:135:4:135:Infinity":54,"s:136:4:136:Infinity":55,"s:138:4:138:Infinity":56,"s:139:4:139:Infinity":57}}}
}
