{"C:\\Dev\\hay-chess-tracker\\src\\App.tsx": {"path":"C:\\Dev\\hay-chess-tracker\\src\\App.tsx","statementMap":{"0":{"start":{"line":14,"column":38},"end":{"line":14,"column":null}},"1":{"start":{"line":14,"column":65},"end":{"line":14,"column":88}},"2":{"start":{"line":15,"column":40},"end":{"line":15,"column":null}},"3":{"start":{"line":15,"column":59},"end":{"line":15,"column":77}},"4":{"start":{"line":17,"column":29},"end":{"line":21,"column":null}},"5":{"start":{"line":18,"column":4},"end":{"line":18,"column":null}},"6":{"start":{"line":19,"column":4},"end":{"line":19,"column":null}},"7":{"start":{"line":20,"column":4},"end":{"line":20,"column":null}},"8":{"start":{"line":23,"column":2},"end":{"line":81,"column":null}},"9":{"start":{"line":46,"column":29},"end":{"line":46,"column":null}},"10":{"start":{"line":75,"column":51},"end":{"line":75,"column":75}}},"fnMap":{"0":{"name":"App","decl":{"start":{"line":12,"column":9},"end":{"line":12,"column":15}},"loc":{"start":{"line":12,"column":15},"end":{"line":83,"column":null}},"line":12},"1":{"name":"(anonymous_1)","decl":{"start":{"line":14,"column":65},"end":{"line":14,"column":71}},"loc":{"start":{"line":14,"column":65},"end":{"line":14,"column":88}},"line":14},"2":{"name":"(anonymous_2)","decl":{"start":{"line":15,"column":53},"end":{"line":15,"column":59}},"loc":{"start":{"line":15,"column":59},"end":{"line":15,"column":77}},"line":15},"3":{"name":"(anonymous_3)","decl":{"start":{"line":17,"column":29},"end":{"line":17,"column":30}},"loc":{"start":{"line":17,"column":47},"end":{"line":21,"column":null}},"line":17},"4":{"name":"(anonymous_4)","decl":{"start":{"line":46,"column":23},"end":{"line":46,"column":29}},"loc":{"start":{"line":46,"column":29},"end":{"line":46,"column":null}},"line":46},"5":{"name":"(anonymous_5)","decl":{"start":{"line":75,"column":45},"end":{"line":75,"column":51}},"loc":{"start":{"line":75,"column":51},"end":{"line":75,"column":75}},"line":75}},"branchMap":{"0":{"loc":{"start":{"line":38,"column":15},"end":{"line":41,"column":null}},"type":"binary-expr","locations":[{"start":{"line":38,"column":15},"end":{"line":38,"column":null}},{"start":{"line":39,"column":16},"end":{"line":41,"column":null}}],"line":38},"1":{"loc":{"start":{"line":48,"column":15},"end":{"line":48,"column":null}},"type":"cond-expr","locations":[{"start":{"line":48,"column":31},"end":{"line":48,"column":43}},{"start":{"line":48,"column":43},"end":{"line":48,"column":null}}],"line":48},"2":{"loc":{"start":{"line":55,"column":9},"end":{"line":58,"column":null}},"type":"binary-expr","locations":[{"start":{"line":55,"column":9},"end":{"line":55,"column":null}},{"start":{"line":56,"column":10},"end":{"line":58,"column":null}}],"line":55},"3":{"loc":{"start":{"line":62,"column":9},"end":{"line":63,"column":null}},"type":"binary-expr","locations":[{"start":{"line":62,"column":9},"end":{"line":62,"column":25}},{"start":{"line":62,"column":25},"end":{"line":62,"column":null}},{"start":{"line":63,"column":10},"end":{"line":63,"column":null}}],"line":62},"4":{"loc":{"start":{"line":67,"column":9},"end":{"line":78,"column":null}},"type":"binary-expr","locations":[{"start":{"line":67,"column":9},"end":{"line":67,"column":26}},{"start":{"line":67,"column":26},"end":{"line":67,"column":null}},{"start":{"line":68,"column":10},"end":{"line":78,"column":null}}],"line":67}},"s":{"0":37,"1":25,"2":37,"3":25,"4":37,"5":4,"6":4,"7":4,"8":37,"9":6,"10":1},"f":{"0":37,"1":25,"2":25,"3":4,"4":6,"5":1},"b":{"0":[37,11],"1":[22,15],"2":[37,22],"3":[37,11,10],"4":[37,26,5]},"meta":{"lastBranch":5,"lastFunction":6,"lastStatement":11,"seen":{"f:12:9:12:15":0,"s:14:38:14:Infinity":0,"f:14:65:14:71":1,"s:14:65:14:88":1,"s:15:40:15:Infinity":2,"f:15:53:15:59":2,"s:15:59:15:77":3,"s:17:29:21:Infinity":4,"f:17:29:17:30":3,"s:18:4:18:Infinity":5,"s:19:4:19:Infinity":6,"s:20:4:20:Infinity":7,"s:23:2:81:Infinity":8,"b:38:15:38:Infinity:39:16:41:Infinity":0,"f:46:23:46:29":4,"s:46:29:46:Infinity":9,"b:48:31:48:43:48:43:48:Infinity":1,"b:55:9:55:Infinity:56:10:58:Infinity":2,"b:62:9:62:25:62:25:62:Infinity:63:10:63:Infinity":3,"b:67:9:67:26:67:26:67:Infinity:68:10:78:Infinity":4,"f:75:45:75:51":5,"s:75:51:75:75":10}}}
,"C:\\Dev\\hay-chess-tracker\\src\\components\\ClubStats.tsx": {"path":"C:\\Dev\\hay-chess-tracker\\src\\components\\ClubStats.tsx","statementMap":{"0":{"start":{"line":11,"column":8},"end":{"line":11,"column":null}},"1":{"start":{"line":13,"column":2},"end":{"line":37,"column":null}}},"fnMap":{"0":{"name":"ClubStats","decl":{"start":{"line":10,"column":24},"end":{"line":10,"column":34}},"loc":{"start":{"line":10,"column":77},"end":{"line":39,"column":null}},"line":10}},"branchMap":{},"s":{"0":13,"1":13},"f":{"0":13},"b":{},"meta":{"lastBranch":0,"lastFunction":1,"lastStatement":2,"seen":{"f:10:24:10:34":0,"s:11:8:11:Infinity":0,"s:13:2:37:Infinity":1}}}
,"C:\\Dev\\hay-chess-tracker\\src\\components\\EventForm.tsx": {"path":"C:\\Dev\\hay-chess-tracker\\src\\components\\EventForm.tsx","statementMap":{"0":{"start":{"line":20,"column":32},"end":{"line":20,"column":null}},"1":{"start":{"line":21,"column":36},"end":{"line":23,"column":null}},"2":{"start":{"line":24,"column":24},"end":{"line":24,"column":null}},"3":{"start":{"line":26,"column":24},"end":{"line":28,"column":null}},"4":{"start":{"line":27,"column":4},"end":{"line":27,"column":null}},"5":{"start":{"line":30,"column":27},"end":{"line":34,"column":null}},"6":{"start":{"line":31,"column":4},"end":{"line":33,"column":null}},"7":{"start":{"line":32,"column":6},"end":{"line":32,"column":null}},"8":{"start":{"line":32,"column":50},"end":{"line":32,"column":61}},"9":{"start":{"line":36,"column":27},"end":{"line":40,"column":null}},"10":{"start":{"line":37,"column":20},"end":{"line":37,"column":null}},"11":{"start":{"line":38,"column":4},"end":{"line":38,"column":null}},"12":{"start":{"line":39,"column":4},"end":{"line":39,"column":null}},"13":{"start":{"line":42,"column":23},"end":{"line":63,"column":null}},"14":{"start":{"line":43,"column":4},"end":{"line":46,"column":null}},"15":{"start":{"line":44,"column":6},"end":{"line":44,"column":null}},"16":{"start":{"line":45,"column":6},"end":{"line":45,"column":null}},"17":{"start":{"line":48,"column":29},"end":{"line":48,"column":null}},"18":{"start":{"line":48,"column":53},"end":{"line":48,"column":82}},"19":{"start":{"line":49,"column":4},"end":{"line":52,"column":null}},"20":{"start":{"line":50,"column":6},"end":{"line":50,"column":null}},"21":{"start":{"line":51,"column":6},"end":{"line":51,"column":null}},"22":{"start":{"line":55,"column":4},"end":{"line":60,"column":null}},"23":{"start":{"line":56,"column":6},"end":{"line":59,"column":null}},"24":{"start":{"line":57,"column":8},"end":{"line":57,"column":null}},"25":{"start":{"line":58,"column":8},"end":{"line":58,"column":null}},"26":{"start":{"line":62,"column":4},"end":{"line":62,"column":null}},"27":{"start":{"line":65,"column":23},"end":{"line":90,"column":null}},"28":{"start":{"line":66,"column":4},"end":{"line":66,"column":null}},"29":{"start":{"line":68,"column":4},"end":{"line":68,"column":null}},"30":{"start":{"line":68,"column":25},"end":{"line":68,"column":null}},"31":{"start":{"line":71,"column":4},"end":{"line":71,"column":null}},"32":{"start":{"line":74,"column":29},"end":{"line":74,"column":null}},"33":{"start":{"line":74,"column":53},"end":{"line":74,"column":82}},"34":{"start":{"line":76,"column":25},"end":{"line":87,"column":null}},"35":{"start":{"line":80,"column":55},"end":{"line":86,"column":8}},"36":{"start":{"line":89,"column":4},"end":{"line":89,"column":null}},"37":{"start":{"line":92,"column":2},"end":{"line":188,"column":null}},"38":{"start":{"line":106,"column":31},"end":{"line":106,"column":null}},"39":{"start":{"line":126,"column":14},"end":{"line":169,"column":null}},"40":{"start":{"line":139,"column":22},"end":{"line":139,"column":null}},"41":{"start":{"line":154,"column":22},"end":{"line":154,"column":null}},"42":{"start":{"line":164,"column":35},"end":{"line":164,"column":null}}},"fnMap":{"0":{"name":"EventForm","decl":{"start":{"line":19,"column":24},"end":{"line":19,"column":34}},"loc":{"start":{"line":19,"column":70},"end":{"line":190,"column":null}},"line":19},"1":{"name":"(anonymous_1)","decl":{"start":{"line":26,"column":24},"end":{"line":26,"column":30}},"loc":{"start":{"line":26,"column":30},"end":{"line":28,"column":null}},"line":26},"2":{"name":"(anonymous_2)","decl":{"start":{"line":30,"column":27},"end":{"line":30,"column":28}},"loc":{"start":{"line":30,"column":46},"end":{"line":34,"column":null}},"line":30},"3":{"name":"(anonymous_3)","decl":{"start":{"line":32,"column":40},"end":{"line":32,"column":41}},"loc":{"start":{"line":32,"column":50},"end":{"line":32,"column":61}},"line":32},"4":{"name":"(anonymous_4)","decl":{"start":{"line":36,"column":27},"end":{"line":36,"column":28}},"loc":{"start":{"line":36,"column":84},"end":{"line":40,"column":null}},"line":36},"5":{"name":"(anonymous_5)","decl":{"start":{"line":42,"column":23},"end":{"line":42,"column":38}},"loc":{"start":{"line":42,"column":38},"end":{"line":63,"column":null}},"line":42},"6":{"name":"(anonymous_6)","decl":{"start":{"line":48,"column":48},"end":{"line":48,"column":53}},"loc":{"start":{"line":48,"column":53},"end":{"line":48,"column":82}},"line":48},"7":{"name":"(anonymous_7)","decl":{"start":{"line":65,"column":23},"end":{"line":65,"column":24}},"loc":{"start":{"line":65,"column":47},"end":{"line":90,"column":null}},"line":65},"8":{"name":"(anonymous_8)","decl":{"start":{"line":74,"column":48},"end":{"line":74,"column":53}},"loc":{"start":{"line":74,"column":53},"end":{"line":74,"column":82}},"line":74},"9":{"name":"(anonymous_9)","decl":{"start":{"line":80,"column":40},"end":{"line":80,"column":41}},"loc":{"start":{"line":80,"column":55},"end":{"line":86,"column":8}},"line":80},"10":{"name":"(anonymous_10)","decl":{"start":{"line":106,"column":24},"end":{"line":106,"column":25}},"loc":{"start":{"line":106,"column":31},"end":{"line":106,"column":null}},"line":106},"11":{"name":"(anonymous_11)","decl":{"start":{"line":125,"column":29},"end":{"line":125,"column":30}},"loc":{"start":{"line":126,"column":14},"end":{"line":169,"column":null}},"line":126},"12":{"name":"(anonymous_12)","decl":{"start":{"line":138,"column":30},"end":{"line":138,"column":31}},"loc":{"start":{"line":139,"column":22},"end":{"line":139,"column":null}},"line":139},"13":{"name":"(anonymous_13)","decl":{"start":{"line":153,"column":30},"end":{"line":153,"column":31}},"loc":{"start":{"line":154,"column":22},"end":{"line":154,"column":null}},"line":154},"14":{"name":"(anonymous_14)","decl":{"start":{"line":164,"column":29},"end":{"line":164,"column":35}},"loc":{"start":{"line":164,"column":35},"end":{"line":164,"column":null}},"line":164}},"branchMap":{"0":{"loc":{"start":{"line":31,"column":4},"end":{"line":33,"column":null}},"type":"if","locations":[{"start":{"line":31,"column":4},"end":{"line":33,"column":null}},{"start":{},"end":{}}],"line":31},"1":{"loc":{"start":{"line":43,"column":4},"end":{"line":46,"column":null}},"type":"if","locations":[{"start":{"line":43,"column":4},"end":{"line":46,"column":null}},{"start":{},"end":{}}],"line":43},"2":{"loc":{"start":{"line":48,"column":53},"end":{"line":48,"column":82}},"type":"binary-expr","locations":[{"start":{"line":48,"column":53},"end":{"line":48,"column":70}},{"start":{"line":48,"column":70},"end":{"line":48,"column":82}}],"line":48},"3":{"loc":{"start":{"line":49,"column":4},"end":{"line":52,"column":null}},"type":"if","locations":[{"start":{"line":49,"column":4},"end":{"line":52,"column":null}},{"start":{},"end":{}}],"line":49},"4":{"loc":{"start":{"line":56,"column":6},"end":{"line":59,"column":null}},"type":"if","locations":[{"start":{"line":56,"column":6},"end":{"line":59,"column":null}},{"start":{},"end":{}}],"line":56},"5":{"loc":{"start":{"line":68,"column":4},"end":{"line":68,"column":null}},"type":"if","locations":[{"start":{"line":68,"column":4},"end":{"line":68,"column":null}},{"start":{},"end":{}}],"line":68},"6":{"loc":{"start":{"line":74,"column":53},"end":{"line":74,"column":82}},"type":"binary-expr","locations":[{"start":{"line":74,"column":53},"end":{"line":74,"column":70}},{"start":{"line":74,"column":70},"end":{"line":74,"column":82}}],"line":74},"7":{"loc":{"start":{"line":159,"column":17},"end":{"line":167,"column":null}},"type":"binary-expr","locations":[{"start":{"line":159,"column":17},"end":{"line":159,"column":null}},{"start":{"line":160,"column":18},"end":{"line":167,"column":null}}],"line":159},"8":{"loc":{"start":{"line":174,"column":11},"end":{"line":177,"column":null}},"type":"binary-expr","locations":[{"start":{"line":174,"column":11},"end":{"line":174,"column":null}},{"start":{"line":175,"column":12},"end":{"line":177,"column":null}}],"line":174}},"s":{"0":1076,"1":1076,"2":1076,"3":1076,"4":10,"5":1076,"6":1,"7":1,"8":2,"9":1076,"10":654,"11":654,"12":654,"13":1076,"14":16,"15":3,"16":3,"17":13,"18":15,"19":13,"20":4,"21":4,"22":9,"23":10,"24":1,"25":1,"26":8,"27":1076,"28":16,"29":16,"30":8,"31":8,"32":8,"33":10,"34":8,"35":9,"36":8,"37":1076,"38":365,"39":1266,"40":42,"41":612,"42":1},"f":{"0":1076,"1":10,"2":1,"3":2,"4":654,"5":16,"6":15,"7":16,"8":10,"9":9,"10":365,"11":1266,"12":42,"13":612,"14":1},"b":{"0":[1,0],"1":[3,13],"2":[15,11],"3":[4,9],"4":[1,9],"5":[8,8],"6":[10,9],"7":[1266,370],"8":[1076,68]},"meta":{"lastBranch":9,"lastFunction":15,"lastStatement":43,"seen":{"f:19:24:19:34":0,"s:20:32:20:Infinity":0,"s:21:36:23:Infinity":1,"s:24:24:24:Infinity":2,"s:26:24:28:Infinity":3,"f:26:24:26:30":1,"s:27:4:27:Infinity":4,"s:30:27:34:Infinity":5,"f:30:27:30:28":2,"b:31:4:33:Infinity:undefined:undefined:undefined:undefined":0,"s:31:4:33:Infinity":6,"s:32:6:32:Infinity":7,"f:32:40:32:41":3,"s:32:50:32:61":8,"s:36:27:40:Infinity":9,"f:36:27:36:28":4,"s:37:20:37:Infinity":10,"s:38:4:38:Infinity":11,"s:39:4:39:Infinity":12,"s:42:23:63:Infinity":13,"f:42:23:42:38":5,"b:43:4:46:Infinity:undefined:undefined:undefined:undefined":1,"s:43:4:46:Infinity":14,"s:44:6:44:Infinity":15,"s:45:6:45:Infinity":16,"s:48:29:48:Infinity":17,"f:48:48:48:53":6,"s:48:53:48:82":18,"b:48:53:48:70:48:70:48:82":2,"b:49:4:52:Infinity:undefined:undefined:undefined:undefined":3,"s:49:4:52:Infinity":19,"s:50:6:50:Infinity":20,"s:51:6:51:Infinity":21,"s:55:4:60:Infinity":22,"b:56:6:59:Infinity:undefined:undefined:undefined:undefined":4,"s:56:6:59:Infinity":23,"s:57:8:57:Infinity":24,"s:58:8:58:Infinity":25,"s:62:4:62:Infinity":26,"s:65:23:90:Infinity":27,"f:65:23:65:24":7,"s:66:4:66:Infinity":28,"b:68:4:68:Infinity:undefined:undefined:undefined:undefined":5,"s:68:4:68:Infinity":29,"s:68:25:68:Infinity":30,"s:71:4:71:Infinity":31,"s:74:29:74:Infinity":32,"f:74:48:74:53":8,"s:74:53:74:82":33,"b:74:53:74:70:74:70:74:82":6,"s:76:25:87:Infinity":34,"f:80:40:80:41":9,"s:80:55:86:8":35,"s:89:4:89:Infinity":36,"s:92:2:188:Infinity":37,"f:106:24:106:25":10,"s:106:31:106:Infinity":38,"f:125:29:125:30":11,"s:126:14:169:Infinity":39,"f:138:30:138:31":12,"s:139:22:139:Infinity":40,"f:153:30:153:31":13,"s:154:22:154:Infinity":41,"b:159:17:159:Infinity:160:18:167:Infinity":7,"f:164:29:164:35":14,"s:164:35:164:Infinity":42,"b:174:11:174:Infinity:175:12:177:Infinity":8}}}
,"C:\\Dev\\hay-chess-tracker\\src\\components\\PlayerTable.tsx": {"path":"C:\\Dev\\hay-chess-tracker\\src\\components\\PlayerTable.tsx","statementMap":{"0":{"start":{"line":23,"column":44},"end":{"line":36,"column":null}},"1":{"start":{"line":24,"column":59},"end":{"line":24,"column":null}},"2":{"start":{"line":25,"column":4},"end":{"line":34,"column":null}},"3":{"start":{"line":26,"column":6},"end":{"line":26,"column":null}},"4":{"start":{"line":27,"column":6},"end":{"line":33,"column":null}},"5":{"start":{"line":28,"column":8},"end":{"line":32,"column":null}},"6":{"start":{"line":35,"column":4},"end":{"line":35,"column":null}},"7":{"start":{"line":39,"column":2},"end":{"line":53,"column":null}},"8":{"start":{"line":40,"column":59},"end":{"line":40,"column":null}},"9":{"start":{"line":41,"column":4},"end":{"line":50,"column":null}},"10":{"start":{"line":42,"column":6},"end":{"line":42,"column":null}},"11":{"start":{"line":43,"column":6},"end":{"line":49,"column":null}},"12":{"start":{"line":44,"column":8},"end":{"line":48,"column":null}},"13":{"start":{"line":52,"column":4},"end":{"line":52,"column":null}},"14":{"start":{"line":55,"column":33},"end":{"line":64,"column":null}},"15":{"start":{"line":56,"column":4},"end":{"line":56,"column":null}},"16":{"start":{"line":57,"column":4},"end":{"line":63,"column":null}},"17":{"start":{"line":57,"column":32},"end":{"line":63,"column":6}},"18":{"start":{"line":66,"column":23},"end":{"line":70,"column":null}},"19":{"start":{"line":67,"column":4},"end":{"line":67,"column":null}},"20":{"start":{"line":67,"column":21},"end":{"line":67,"column":null}},"21":{"start":{"line":68,"column":4},"end":{"line":68,"column":null}},"22":{"start":{"line":68,"column":21},"end":{"line":68,"column":null}},"23":{"start":{"line":69,"column":4},"end":{"line":69,"column":null}},"24":{"start":{"line":72,"column":20},"end":{"line":72,"column":null}},"25":{"start":{"line":72,"column":60},"end":{"line":72,"column":76}},"26":{"start":{"line":74,"column":2},"end":{"line":168,"column":null}},"27":{"start":{"line":83,"column":16},"end":{"line":85,"column":null}},"28":{"start":{"line":96,"column":14},"end":{"line":157,"column":null}},"29":{"start":{"line":102,"column":33},"end":{"line":102,"column":null}},"30":{"start":{"line":103,"column":18},"end":{"line":112,"column":null}},"31":{"start":{"line":136,"column":36},"end":{"line":136,"column":null}},"32":{"start":{"line":138,"column":24},"end":{"line":138,"column":null}},"33":{"start":{"line":140,"column":22},"end":{"line":152,"column":null}},"34":{"start":{"line":145,"column":28},"end":{"line":149,"column":null}}},"fnMap":{"0":{"name":"PlayerTable","decl":{"start":{"line":21,"column":24},"end":{"line":21,"column":36}},"loc":{"start":{"line":21,"column":70},"end":{"line":170,"column":null}},"line":21},"1":{"name":"(anonymous_1)","decl":{"start":{"line":23,"column":98},"end":{"line":23,"column":104}},"loc":{"start":{"line":23,"column":104},"end":{"line":36,"column":3}},"line":23},"2":{"name":"(anonymous_2)","decl":{"start":{"line":25,"column":31},"end":{"line":25,"column":41}},"loc":{"start":{"line":25,"column":41},"end":{"line":34,"column":5}},"line":25},"3":{"name":"(anonymous_3)","decl":{"start":{"line":27,"column":29},"end":{"line":27,"column":30}},"loc":{"start":{"line":27,"column":48},"end":{"line":33,"column":7}},"line":27},"4":{"name":"(anonymous_4)","decl":{"start":{"line":39,"column":12},"end":{"line":39,"column":18}},"loc":{"start":{"line":39,"column":18},"end":{"line":53,"column":5}},"line":39},"5":{"name":"(anonymous_5)","decl":{"start":{"line":41,"column":31},"end":{"line":41,"column":41}},"loc":{"start":{"line":41,"column":41},"end":{"line":50,"column":5}},"line":41},"6":{"name":"(anonymous_6)","decl":{"start":{"line":43,"column":29},"end":{"line":43,"column":30}},"loc":{"start":{"line":43,"column":48},"end":{"line":49,"column":7}},"line":43},"7":{"name":"(anonymous_7)","decl":{"start":{"line":55,"column":33},"end":{"line":55,"column":34}},"loc":{"start":{"line":55,"column":90},"end":{"line":64,"column":null}},"line":55},"8":{"name":"(anonymous_8)","decl":{"start":{"line":57,"column":23},"end":{"line":57,"column":32}},"loc":{"start":{"line":57,"column":32},"end":{"line":63,"column":6}},"line":57},"9":{"name":"(anonymous_9)","decl":{"start":{"line":66,"column":23},"end":{"line":66,"column":24}},"loc":{"start":{"line":66,"column":47},"end":{"line":70,"column":null}},"line":66},"10":{"name":"(anonymous_10)","decl":{"start":{"line":72,"column":55},"end":{"line":72,"column":60}},"loc":{"start":{"line":72,"column":60},"end":{"line":72,"column":76}},"line":72},"11":{"name":"(anonymous_11)","decl":{"start":{"line":82,"column":49},"end":{"line":82,"column":50}},"loc":{"start":{"line":83,"column":16},"end":{"line":85,"column":null}},"line":83},"12":{"name":"(anonymous_12)","decl":{"start":{"line":95,"column":36},"end":{"line":95,"column":37}},"loc":{"start":{"line":96,"column":14},"end":{"line":157,"column":null}},"line":96},"13":{"name":"(anonymous_13)","decl":{"start":{"line":101,"column":51},"end":{"line":101,"column":52}},"loc":{"start":{"line":101,"column":61},"end":{"line":114,"column":17}},"line":101},"14":{"name":"(anonymous_14)","decl":{"start":{"line":135,"column":40},"end":{"line":135,"column":41}},"loc":{"start":{"line":135,"column":59},"end":{"line":154,"column":21}},"line":135},"15":{"name":"(anonymous_15)","decl":{"start":{"line":144,"column":43},"end":{"line":144,"column":44}},"loc":{"start":{"line":145,"column":28},"end":{"line":149,"column":null}},"line":145}},"branchMap":{"0":{"loc":{"start":{"line":67,"column":4},"end":{"line":67,"column":null}},"type":"if","locations":[{"start":{"line":67,"column":4},"end":{"line":67,"column":null}},{"start":{},"end":{}}],"line":67},"1":{"loc":{"start":{"line":68,"column":4},"end":{"line":68,"column":null}},"type":"if","locations":[{"start":{"line":68,"column":4},"end":{"line":68,"column":null}},{"start":{},"end":{}}],"line":68},"2":{"loc":{"start":{"line":105,"column":23},"end":{"line":110,"column":null}},"type":"cond-expr","locations":[{"start":{"line":106,"column":24},"end":{"line":108,"column":null}},{"start":{"line":110,"column":24},"end":{"line":110,"column":null}}],"line":105},"3":{"loc":{"start":{"line":121,"column":19},"end":{"line":121,"column":null}},"type":"cond-expr","locations":[{"start":{"line":121,"column":37},"end":{"line":121,"column":66}},{"start":{"line":121,"column":66},"end":{"line":121,"column":null}}],"line":121},"4":{"loc":{"start":{"line":125,"column":19},"end":{"line":125,"column":null}},"type":"binary-expr","locations":[{"start":{"line":125,"column":19},"end":{"line":125,"column":41}},{"start":{"line":125,"column":41},"end":{"line":125,"column":null}}],"line":125},"5":{"loc":{"start":{"line":138,"column":24},"end":{"line":138,"column":null}},"type":"binary-expr","locations":[{"start":{"line":138,"column":24},"end":{"line":138,"column":65}},{"start":{"line":138,"column":65},"end":{"line":138,"column":null}}],"line":138},"6":{"loc":{"start":{"line":163,"column":7},"end":{"line":166,"column":null}},"type":"binary-expr","locations":[{"start":{"line":163,"column":7},"end":{"line":163,"column":null}},{"start":{"line":164,"column":8},"end":{"line":166,"column":null}}],"line":163}},"s":{"0":58,"1":27,"2":27,"3":45,"4":45,"5":119,"6":27,"7":58,"8":28,"9":28,"10":47,"11":47,"12":124,"13":28,"14":58,"15":2,"16":2,"17":2,"18":58,"19":258,"20":110,"21":148,"22":148,"23":54,"24":58,"25":98,"26":58,"27":178,"28":98,"29":308,"30":308,"31":258,"32":258,"33":258,"34":2},"f":{"0":58,"1":27,"2":45,"3":119,"4":28,"5":47,"6":124,"7":2,"8":2,"9":258,"10":98,"11":178,"12":98,"13":308,"14":258,"15":2},"b":{"0":[110,148],"1":[94,54],"2":[258,50],"3":[90,8],"4":[98,8],"5":[258,245],"6":[58,2]},"meta":{"lastBranch":7,"lastFunction":16,"lastStatement":35,"seen":{"f:21:24:21:36":0,"s:23:44:36:Infinity":0,"f:23:98:23:104":1,"s:24:59:24:Infinity":1,"s:25:4:34:Infinity":2,"f:25:31:25:41":2,"s:26:6:26:Infinity":3,"s:27:6:33:Infinity":4,"f:27:29:27:30":3,"s:28:8:32:Infinity":5,"s:35:4:35:Infinity":6,"s:39:2:53:Infinity":7,"f:39:12:39:18":4,"s:40:59:40:Infinity":8,"s:41:4:50:Infinity":9,"f:41:31:41:41":5,"s:42:6:42:Infinity":10,"s:43:6:49:Infinity":11,"f:43:29:43:30":6,"s:44:8:48:Infinity":12,"s:52:4:52:Infinity":13,"s:55:33:64:Infinity":14,"f:55:33:55:34":7,"s:56:4:56:Infinity":15,"s:57:4:63:Infinity":16,"f:57:23:57:32":8,"s:57:32:63:6":17,"s:66:23:70:Infinity":18,"f:66:23:66:24":9,"b:67:4:67:Infinity:undefined:undefined:undefined:undefined":0,"s:67:4:67:Infinity":19,"s:67:21:67:Infinity":20,"b:68:4:68:Infinity:undefined:undefined:undefined:undefined":1,"s:68:4:68:Infinity":21,"s:68:21:68:Infinity":22,"s:69:4:69:Infinity":23,"s:72:20:72:Infinity":24,"f:72:55:72:60":10,"s:72:60:72:76":25,"s:74:2:168:Infinity":26,"f:82:49:82:50":11,"s:83:16:85:Infinity":27,"f:95:36:95:37":12,"s:96:14:157:Infinity":28,"f:101:51:101:52":13,"s:102:33:102:Infinity":29,"s:103:18:112:Infinity":30,"b:106:24:108:Infinity:110:24:110:Infinity":2,"b:121:37:121:66:121:66:121:Infinity":3,"b:125:19:125:41:125:41:125:Infinity":4,"f:135:40:135:41":14,"s:136:36:136:Infinity":31,"s:138:24:138:Infinity":32,"b:138:24:138:65:138:65:138:Infinity":5,"s:140:22:152:Infinity":33,"f:144:43:144:44":15,"s:145:28:149:Infinity":34,"b:163:7:163:Infinity:164:8:166:Infinity":6}}}
,"C:\\Dev\\hay-chess-tracker\\src\\components\\TournamentTabs.tsx": {"path":"C:\\Dev\\hay-chess-tracker\\src\\components\\TournamentTabs.tsx","statementMap":{"0":{"start":{"line":18,"column":28},"end":{"line":18,"column":null}},"1":{"start":{"line":19,"column":24},"end":{"line":19,"column":null}},"2":{"start":{"line":21,"column":24},"end":{"line":82,"column":null}},"3":{"start":{"line":22,"column":4},"end":{"line":22,"column":null}},"4":{"start":{"line":23,"column":4},"end":{"line":23,"column":null}},"5":{"start":{"line":25,"column":4},"end":{"line":81,"column":null}},"6":{"start":{"line":27,"column":12},"end":{"line":27,"column":null}},"7":{"start":{"line":30,"column":46},"end":{"line":41,"column":null}},"8":{"start":{"line":43,"column":6},"end":{"line":45,"column":null}},"9":{"start":{"line":44,"column":8},"end":{"line":44,"column":null}},"10":{"start":{"line":47,"column":38},"end":{"line":50,"column":null}},"11":{"start":{"line":53,"column":22},"end":{"line":56,"column":null}},"12":{"start":{"line":59,"column":44},"end":{"line":63,"column":null}},"13":{"start":{"line":66,"column":34},"end":{"line":71,"column":null}},"14":{"start":{"line":69,"column":10},"end":{"line":69,"column":null}},"15":{"start":{"line":74,"column":6},"end":{"line":74,"column":null}},"16":{"start":{"line":75,"column":6},"end":{"line":75,"column":null}},"17":{"start":{"line":77,"column":6},"end":{"line":77,"column":null}},"18":{"start":{"line":78,"column":6},"end":{"line":78,"column":null}},"19":{"start":{"line":80,"column":6},"end":{"line":80,"column":null}},"20":{"start":{"line":84,"column":2},"end":{"line":156,"column":null}},"21":{"start":{"line":88,"column":10},"end":{"line":90,"column":null}},"22":{"start":{"line":95,"column":8},"end":{"line":154,"column":null}},"23":{"start":{"line":116,"column":31},"end":{"line":116,"column":null}}},"fnMap":{"0":{"name":"TournamentTabs","decl":{"start":{"line":17,"column":24},"end":{"line":17,"column":39}},"loc":{"start":{"line":17,"column":86},"end":{"line":158,"column":null}},"line":17},"1":{"name":"(anonymous_1)","decl":{"start":{"line":21,"column":24},"end":{"line":21,"column":31}},"loc":{"start":{"line":21,"column":58},"end":{"line":82,"column":null}},"line":21},"2":{"name":"(anonymous_2)","decl":{"start":{"line":68,"column":43},"end":{"line":68,"column":null}},"loc":{"start":{"line":69,"column":10},"end":{"line":69,"column":null}},"line":69},"3":{"name":"(anonymous_3)","decl":{"start":{"line":87,"column":31},"end":{"line":87,"column":null}},"loc":{"start":{"line":88,"column":10},"end":{"line":90,"column":null}},"line":88},"4":{"name":"(anonymous_4)","decl":{"start":{"line":94,"column":29},"end":{"line":94,"column":null}},"loc":{"start":{"line":95,"column":8},"end":{"line":154,"column":null}},"line":95},"5":{"name":"(anonymous_5)","decl":{"start":{"line":116,"column":25},"end":{"line":116,"column":31}},"loc":{"start":{"line":116,"column":31},"end":{"line":116,"column":null}},"line":116}},"branchMap":{"0":{"loc":{"start":{"line":43,"column":6},"end":{"line":45,"column":null}},"type":"if","locations":[{"start":{"line":43,"column":6},"end":{"line":45,"column":null}},{"start":{},"end":{}}],"line":43},"1":{"loc":{"start":{"line":43,"column":10},"end":{"line":43,"column":51}},"type":"binary-expr","locations":[{"start":{"line":43,"column":10},"end":{"line":43,"column":30}},{"start":{"line":43,"column":30},"end":{"line":43,"column":51}}],"line":43},"2":{"loc":{"start":{"line":69,"column":10},"end":{"line":69,"column":null}},"type":"cond-expr","locations":[{"start":{"line":69,"column":35},"end":{"line":69,"column":55}},{"start":{"line":69,"column":55},"end":{"line":69,"column":null}}],"line":69},"3":{"loc":{"start":{"line":78,"column":15},"end":{"line":78,"column":69}},"type":"cond-expr","locations":[{"start":{"line":78,"column":38},"end":{"line":78,"column":52}},{"start":{"line":78,"column":52},"end":{"line":78,"column":69}}],"line":78},"4":{"loc":{"start":{"line":100,"column":17},"end":{"line":104,"column":null}},"type":"binary-expr","locations":[{"start":{"line":100,"column":17},"end":{"line":100,"column":null}},{"start":{"line":101,"column":18},"end":{"line":104,"column":null}}],"line":100},"5":{"loc":{"start":{"line":103,"column":34},"end":{"line":103,"column":null}},"type":"binary-expr","locations":[{"start":{"line":103,"column":34},"end":{"line":103,"column":75}},{"start":{"line":103,"column":75},"end":{"line":103,"column":null}}],"line":103},"6":{"loc":{"start":{"line":106,"column":17},"end":{"line":109,"column":null}},"type":"binary-expr","locations":[{"start":{"line":106,"column":17},"end":{"line":106,"column":null}},{"start":{"line":107,"column":18},"end":{"line":109,"column":null}}],"line":106},"7":{"loc":{"start":{"line":120,"column":45},"end":{"line":120,"column":92}},"type":"cond-expr","locations":[{"start":{"line":120,"column":73},"end":{"line":120,"column":90}},{"start":{"line":120,"column":90},"end":{"line":120,"column":92}}],"line":120},"8":{"loc":{"start":{"line":126,"column":13},"end":{"line":130,"column":null}},"type":"binary-expr","locations":[{"start":{"line":126,"column":13},"end":{"line":126,"column":null}},{"start":{"line":127,"column":14},"end":{"line":130,"column":null}}],"line":126},"9":{"loc":{"start":{"line":135,"column":11},"end":{"line":138,"column":null}},"type":"binary-expr","locations":[{"start":{"line":135,"column":11},"end":{"line":135,"column":20}},{"start":{"line":135,"column":20},"end":{"line":135,"column":null}},{"start":{"line":136,"column":12},"end":{"line":138,"column":null}}],"line":135},"10":{"loc":{"start":{"line":142,"column":11},"end":{"line":143,"column":null}},"type":"binary-expr","locations":[{"start":{"line":142,"column":11},"end":{"line":142,"column":null}},{"start":{"line":143,"column":12},"end":{"line":143,"column":null}}],"line":142},"11":{"loc":{"start":{"line":147,"column":11},"end":{"line":152,"column":null}},"type":"binary-expr","locations":[{"start":{"line":147,"column":11},"end":{"line":147,"column":46}},{"start":{"line":147,"column":46},"end":{"line":147,"column":null}},{"start":{"line":148,"column":12},"end":{"line":152,"column":null}}],"line":147}},"s":{"0":29,"1":29,"2":29,"3":6,"4":6,"5":6,"6":6,"7":6,"8":5,"9":1,"10":4,"11":4,"12":4,"13":4,"14":8,"15":4,"16":4,"17":2,"18":2,"19":6,"20":29,"21":62,"22":62,"23":6},"f":{"0":29,"1":6,"2":8,"3":62,"4":62,"5":6},"b":{"0":[1,4],"1":[5,4],"2":[4,4],"3":[2,0],"4":[62,27],"5":[27,0],"6":[62,35],"7":[6,56],"8":[62,27],"9":[62,4,4],"10":[62,27],"11":[62,35,29]},"meta":{"lastBranch":12,"lastFunction":6,"lastStatement":24,"seen":{"f:17:24:17:39":0,"s:18:28:18:Infinity":0,"s:19:24:19:Infinity":1,"s:21:24:82:Infinity":2,"f:21:24:21:31":1,"s:22:4:22:Infinity":3,"s:23:4:23:Infinity":4,"s:25:4:81:Infinity":5,"s:27:12:27:Infinity":6,"s:30:46:41:Infinity":7,"b:43:6:45:Infinity:undefined:undefined:undefined:undefined":0,"s:43:6:45:Infinity":8,"b:43:10:43:30:43:30:43:51":1,"s:44:8:44:Infinity":9,"s:47:38:50:Infinity":10,"s:53:22:56:Infinity":11,"s:59:44:63:Infinity":12,"s:66:34:71:Infinity":13,"f:68:43:68:Infinity":2,"s:69:10:69:Infinity":14,"b:69:35:69:55:69:55:69:Infinity":2,"s:74:6:74:Infinity":15,"s:75:6:75:Infinity":16,"s:77:6:77:Infinity":17,"s:78:6:78:Infinity":18,"b:78:38:78:52:78:52:78:69":3,"s:80:6:80:Infinity":19,"s:84:2:156:Infinity":20,"f:87:31:87:Infinity":3,"s:88:10:90:Infinity":21,"f:94:29:94:Infinity":4,"s:95:8:154:Infinity":22,"b:100:17:100:Infinity:101:18:104:Infinity":4,"b:103:34:103:75:103:75:103:Infinity":5,"b:106:17:106:Infinity:107:18:109:Infinity":6,"f:116:25:116:31":5,"s:116:31:116:Infinity":23,"b:120:73:120:90:120:90:120:92":7,"b:126:13:126:Infinity:127:14:130:Infinity":8,"b:135:11:135:20:135:20:135:Infinity:136:12:138:Infinity":9,"b:142:11:142:Infinity:143:12:143:Infinity":10,"b:147:11:147:46:147:46:147:Infinity:148:12:152:Infinity":11}}}
,"C:\\Dev\\hay-chess-tracker\\src\\components\\common\\MiamiGlass.tsx": {"path":"C:\\Dev\\hay-chess-tracker\\src\\components\\common\\MiamiGlass.tsx","statementMap":{"0":{"start":{"line":20,"column":24},"end":{"line":40,"column":null}},"1":{"start":{"line":21,"column":4},"end":{"line":39,"column":null}},"2":{"start":{"line":22,"column":6},"end":{"line":29,"column":null}},"3":{"start":{"line":31,"column":6},"end":{"line":38,"column":null}},"4":{"start":{"line":42,"column":21},"end":{"line":42,"column":null}},"5":{"start":{"line":44,"column":2},"end":{"line":54,"column":null}},"6":{"start":{"line":45,"column":4},"end":{"line":52,"column":null}},"7":{"start":{"line":56,"column":2},"end":{"line":63,"column":null}}},"fnMap":{"0":{"name":"MiamiGlass","decl":{"start":{"line":12,"column":24},"end":{"line":12,"column":35}},"loc":{"start":{"line":19,"column":20},"end":{"line":65,"column":null}},"line":19},"1":{"name":"(anonymous_1)","decl":{"start":{"line":20,"column":24},"end":{"line":20,"column":51}},"loc":{"start":{"line":20,"column":51},"end":{"line":40,"column":null}},"line":20}},"branchMap":{"0":{"loc":{"start":{"line":14,"column":2},"end":{"line":14,"column":null}},"type":"default-arg","locations":[{"start":{"line":14,"column":14},"end":{"line":14,"column":null}}],"line":14},"1":{"loc":{"start":{"line":15,"column":2},"end":{"line":15,"column":null}},"type":"default-arg","locations":[{"start":{"line":15,"column":10},"end":{"line":15,"column":null}}],"line":15},"2":{"loc":{"start":{"line":16,"column":2},"end":{"line":16,"column":null}},"type":"default-arg","locations":[{"start":{"line":16,"column":12},"end":{"line":16,"column":null}}],"line":16},"3":{"loc":{"start":{"line":17,"column":2},"end":{"line":17,"column":null}},"type":"default-arg","locations":[{"start":{"line":17,"column":12},"end":{"line":17,"column":null}}],"line":17},"4":{"loc":{"start":{"line":21,"column":4},"end":{"line":39,"column":null}},"type":"if","locations":[{"start":{"line":21,"column":4},"end":{"line":39,"column":null}},{"start":{"line":30,"column":11},"end":{"line":39,"column":null}}],"line":21},"5":{"loc":{"start":{"line":44,"column":2},"end":{"line":54,"column":null}},"type":"if","locations":[{"start":{"line":44,"column":2},"end":{"line":54,"column":null}},{"start":{},"end":{}}],"line":44}},"s":{"0":42,"1":42,"2":42,"3":0,"4":42,"5":42,"6":42,"7":0},"f":{"0":42,"1":42},"b":{"0":[42],"1":[42],"2":[42],"3":[42],"4":[42,0],"5":[42,0]},"meta":{"lastBranch":6,"lastFunction":2,"lastStatement":8,"seen":{"f:12:24:12:35":0,"b:14:14:14:Infinity":0,"b:15:10:15:Infinity":1,"b:16:12:16:Infinity":2,"b:17:12:17:Infinity":3,"s:20:24:40:Infinity":0,"f:20:24:20:51":1,"b:21:4:39:Infinity:30:11:39:Infinity":4,"s:21:4:39:Infinity":1,"s:22:6:29:Infinity":2,"s:31:6:38:Infinity":3,"s:42:21:42:Infinity":4,"b:44:2:54:Infinity:undefined:undefined:undefined:undefined":5,"s:44:2:54:Infinity":5,"s:45:4:52:Infinity":6,"s:56:2:63:Infinity":7}}}
,"C:\\Dev\\hay-chess-tracker\\src\\components\\common\\ShimmerEffect.tsx": {"path":"C:\\Dev\\hay-chess-tracker\\src\\components\\common\\ShimmerEffect.tsx","statementMap":{"0":{"start":{"line":16,"column":2},"end":{"line":37,"column":null}}},"fnMap":{"0":{"name":"ShimmerEffect","decl":{"start":{"line":10,"column":24},"end":{"line":10,"column":38}},"loc":{"start":{"line":15,"column":23},"end":{"line":39,"column":null}},"line":15}},"branchMap":{"0":{"loc":{"start":{"line":12,"column":2},"end":{"line":12,"column":null}},"type":"default-arg","locations":[{"start":{"line":12,"column":14},"end":{"line":12,"column":null}}],"line":12},"1":{"loc":{"start":{"line":13,"column":2},"end":{"line":13,"column":null}},"type":"default-arg","locations":[{"start":{"line":13,"column":10},"end":{"line":13,"column":null}}],"line":13},"2":{"loc":{"start":{"line":14,"column":2},"end":{"line":14,"column":null}},"type":"default-arg","locations":[{"start":{"line":14,"column":13},"end":{"line":14,"column":null}}],"line":14},"3":{"loc":{"start":{"line":22,"column":7},"end":{"line":30,"column":null}},"type":"binary-expr","locations":[{"start":{"line":22,"column":7},"end":{"line":22,"column":null}},{"start":{"line":23,"column":8},"end":{"line":30,"column":null}}],"line":22}},"s":{"0":42},"f":{"0":42},"b":{"0":[42],"1":[42],"2":[42],"3":[42,42]},"meta":{"lastBranch":4,"lastFunction":1,"lastStatement":1,"seen":{"f:10:24:10:38":0,"b:12:14:12:Infinity":0,"b:13:10:13:Infinity":1,"b:14:13:14:Infinity":2,"s:16:2:37:Infinity":0,"b:22:7:22:Infinity:23:8:30:Infinity":3}}}
,"C:\\Dev\\hay-chess-tracker\\src\\components\\ui\\alert.tsx": {"path":"C:\\Dev\\hay-chess-tracker\\src\\components\\ui\\alert.tsx","statementMap":{"0":{"start":{"line":5,"column":6},"end":{"line":21,"column":null}},"1":{"start":{"line":23,"column":14},"end":{"line":33,"column":null}},"2":{"start":{"line":27,"column":2},"end":{"line":32,"column":null}},"3":{"start":{"line":34,"column":0},"end":{"line":34,"column":null}},"4":{"start":{"line":36,"column":19},"end":{"line":45,"column":null}},"5":{"start":{"line":40,"column":2},"end":{"line":44,"column":null}},"6":{"start":{"line":46,"column":0},"end":{"line":46,"column":null}},"7":{"start":{"line":48,"column":25},"end":{"line":57,"column":null}},"8":{"start":{"line":52,"column":2},"end":{"line":56,"column":null}},"9":{"start":{"line":58,"column":0},"end":{"line":58,"column":null}}},"fnMap":{"0":{"name":"(anonymous_0)","decl":{"start":{"line":26,"column":2},"end":{"line":26,"column":3}},"loc":{"start":{"line":27,"column":2},"end":{"line":32,"column":null}},"line":27},"1":{"name":"(anonymous_1)","decl":{"start":{"line":39,"column":2},"end":{"line":39,"column":3}},"loc":{"start":{"line":40,"column":2},"end":{"line":44,"column":null}},"line":40},"2":{"name":"(anonymous_2)","decl":{"start":{"line":51,"column":2},"end":{"line":51,"column":3}},"loc":{"start":{"line":52,"column":2},"end":{"line":56,"column":null}},"line":52}},"branchMap":{},"s":{"0":1,"1":1,"2":68,"3":1,"4":1,"5":0,"6":1,"7":1,"8":68,"9":1},"f":{"0":68,"1":0,"2":68},"b":{},"meta":{"lastBranch":0,"lastFunction":3,"lastStatement":10,"seen":{"s:5:6:21:Infinity":0,"s:23:14:33:Infinity":1,"f:26:2:26:3":0,"s:27:2:32:Infinity":2,"s:34:0:34:Infinity":3,"s:36:19:45:Infinity":4,"f:39:2:39:3":1,"s:40:2:44:Infinity":5,"s:46:0:46:Infinity":6,"s:48:25:57:Infinity":7,"f:51:2:51:3":2,"s:52:2:56:Infinity":8,"s:58:0:58:Infinity":9}}}
,"C:\\Dev\\hay-chess-tracker\\src\\components\\ui\\badge.tsx": {"path":"C:\\Dev\\hay-chess-tracker\\src\\components\\ui\\badge.tsx","statementMap":{"0":{"start":{"line":5,"column":6},"end":{"line":26,"column":null}},"1":{"start":{"line":33,"column":2},"end":{"line":34,"column":null}}},"fnMap":{"0":{"name":"Badge","decl":{"start":{"line":32,"column":9},"end":{"line":32,"column":15}},"loc":{"start":{"line":32,"column":61},"end":{"line":36,"column":null}},"line":32}},"branchMap":{},"s":{"0":3,"1":111},"f":{"0":111},"b":{},"meta":{"lastBranch":0,"lastFunction":1,"lastStatement":2,"seen":{"s:5:6:26:Infinity":0,"f:32:9:32:15":0,"s:33:2:34:Infinity":1}}}
,"C:\\Dev\\hay-chess-tracker\\src\\components\\ui\\button.tsx": {"path":"C:\\Dev\\hay-chess-tracker\\src\\components\\ui\\button.tsx","statementMap":{"0":{"start":{"line":5,"column":6},"end":{"line":33,"column":null}},"1":{"start":{"line":39,"column":15},"end":{"line":49,"column":null}},"2":{"start":{"line":41,"column":4},"end":{"line":46,"column":null}},"3":{"start":{"line":50,"column":0},"end":{"line":50,"column":null}}},"fnMap":{"0":{"name":"(anonymous_0)","decl":{"start":{"line":40,"column":2},"end":{"line":40,"column":3}},"loc":{"start":{"line":40,"column":51},"end":{"line":48,"column":null}},"line":40}},"branchMap":{},"s":{"0":3,"1":3,"2":2575,"3":3},"f":{"0":2575},"b":{},"meta":{"lastBranch":0,"lastFunction":1,"lastStatement":4,"seen":{"s:5:6:33:Infinity":0,"s:39:15:49:Infinity":1,"f:40:2:40:3":0,"s:41:4:46:Infinity":2,"s:50:0:50:Infinity":3}}}
,"C:\\Dev\\hay-chess-tracker\\src\\components\\ui\\card.tsx": {"path":"C:\\Dev\\hay-chess-tracker\\src\\components\\ui\\card.tsx","statementMap":{"0":{"start":{"line":4,"column":13},"end":{"line":16,"column":null}},"1":{"start":{"line":8,"column":2},"end":{"line":15,"column":null}},"2":{"start":{"line":17,"column":0},"end":{"line":17,"column":null}},"3":{"start":{"line":19,"column":19},"end":{"line":28,"column":null}},"4":{"start":{"line":23,"column":2},"end":{"line":27,"column":null}},"5":{"start":{"line":29,"column":0},"end":{"line":29,"column":null}},"6":{"start":{"line":31,"column":18},"end":{"line":43,"column":null}},"7":{"start":{"line":35,"column":2},"end":{"line":42,"column":null}},"8":{"start":{"line":44,"column":0},"end":{"line":44,"column":null}},"9":{"start":{"line":46,"column":24},"end":{"line":55,"column":null}},"10":{"start":{"line":50,"column":2},"end":{"line":54,"column":null}},"11":{"start":{"line":56,"column":0},"end":{"line":56,"column":null}},"12":{"start":{"line":58,"column":20},"end":{"line":63,"column":null}},"13":{"start":{"line":62,"column":2},"end":{"line":62,"column":null}},"14":{"start":{"line":64,"column":0},"end":{"line":64,"column":null}},"15":{"start":{"line":66,"column":19},"end":{"line":75,"column":null}},"16":{"start":{"line":70,"column":2},"end":{"line":74,"column":null}},"17":{"start":{"line":76,"column":0},"end":{"line":76,"column":null}}},"fnMap":{"0":{"name":"(anonymous_0)","decl":{"start":{"line":7,"column":2},"end":{"line":7,"column":3}},"loc":{"start":{"line":8,"column":2},"end":{"line":15,"column":null}},"line":8},"1":{"name":"(anonymous_1)","decl":{"start":{"line":22,"column":2},"end":{"line":22,"column":3}},"loc":{"start":{"line":23,"column":2},"end":{"line":27,"column":null}},"line":23},"2":{"name":"(anonymous_2)","decl":{"start":{"line":34,"column":2},"end":{"line":34,"column":3}},"loc":{"start":{"line":35,"column":2},"end":{"line":42,"column":null}},"line":35},"3":{"name":"(anonymous_3)","decl":{"start":{"line":49,"column":2},"end":{"line":49,"column":3}},"loc":{"start":{"line":50,"column":2},"end":{"line":54,"column":null}},"line":50},"4":{"name":"(anonymous_4)","decl":{"start":{"line":61,"column":2},"end":{"line":61,"column":3}},"loc":{"start":{"line":62,"column":2},"end":{"line":62,"column":null}},"line":62},"5":{"name":"(anonymous_5)","decl":{"start":{"line":69,"column":2},"end":{"line":69,"column":3}},"loc":{"start":{"line":70,"column":2},"end":{"line":74,"column":null}},"line":70}},"branchMap":{},"s":{"0":3,"1":1178,"2":3,"3":3,"4":1069,"5":3,"6":3,"7":1069,"8":3,"9":3,"10":0,"11":3,"12":3,"13":1069,"14":3,"15":3,"16":0,"17":3},"f":{"0":1178,"1":1069,"2":1069,"3":0,"4":1069,"5":0},"b":{},"meta":{"lastBranch":0,"lastFunction":6,"lastStatement":18,"seen":{"s:4:13:16:Infinity":0,"f:7:2:7:3":0,"s:8:2:15:Infinity":1,"s:17:0:17:Infinity":2,"s:19:19:28:Infinity":3,"f:22:2:22:3":1,"s:23:2:27:Infinity":4,"s:29:0:29:Infinity":5,"s:31:18:43:Infinity":6,"f:34:2:34:3":2,"s:35:2:42:Infinity":7,"s:44:0:44:Infinity":8,"s:46:24:55:Infinity":9,"f:49:2:49:3":3,"s:50:2:54:Infinity":10,"s:56:0:56:Infinity":11,"s:58:20:63:Infinity":12,"f:61:2:61:3":4,"s:62:2:62:Infinity":13,"s:64:0:64:Infinity":14,"s:66:19:75:Infinity":15,"f:69:2:69:3":5,"s:70:2:74:Infinity":16,"s:76:0:76:Infinity":17}}}
,"C:\\Dev\\hay-chess-tracker\\src\\components\\ui\\checkbox.tsx": {"path":"C:\\Dev\\hay-chess-tracker\\src\\components\\ui\\checkbox.tsx","statementMap":{"0":{"start":{"line":6,"column":17},"end":{"line":24,"column":null}},"1":{"start":{"line":10,"column":2},"end":{"line":23,"column":null}},"2":{"start":{"line":25,"column":0},"end":{"line":25,"column":null}}},"fnMap":{"0":{"name":"(anonymous_0)","decl":{"start":{"line":9,"column":2},"end":{"line":9,"column":3}},"loc":{"start":{"line":10,"column":2},"end":{"line":23,"column":null}},"line":10}},"branchMap":{},"s":{"0":2,"1":258,"2":2},"f":{"0":258},"b":{},"meta":{"lastBranch":0,"lastFunction":1,"lastStatement":3,"seen":{"s:6:17:24:Infinity":0,"f:9:2:9:3":0,"s:10:2:23:Infinity":1,"s:25:0:25:Infinity":2}}}
,"C:\\Dev\\hay-chess-tracker\\src\\components\\ui\\input.tsx": {"path":"C:\\Dev\\hay-chess-tracker\\src\\components\\ui\\input.tsx","statementMap":{"0":{"start":{"line":7,"column":14},"end":{"line":21,"column":null}},"1":{"start":{"line":9,"column":4},"end":{"line":18,"column":null}},"2":{"start":{"line":22,"column":0},"end":{"line":22,"column":null}}},"fnMap":{"0":{"name":"(anonymous_0)","decl":{"start":{"line":8,"column":2},"end":{"line":8,"column":3}},"loc":{"start":{"line":8,"column":42},"end":{"line":20,"column":null}},"line":8}},"branchMap":{},"s":{"0":1,"1":3583,"2":1},"f":{"0":3583},"b":{},"meta":{"lastBranch":0,"lastFunction":1,"lastStatement":3,"seen":{"s:7:14:21:Infinity":0,"f:8:2:8:3":0,"s:9:4:18:Infinity":1,"s:22:0:22:Infinity":2}}}
,"C:\\Dev\\hay-chess-tracker\\src\\components\\ui\\label.tsx": {"path":"C:\\Dev\\hay-chess-tracker\\src\\components\\ui\\label.tsx","statementMap":{"0":{"start":{"line":6,"column":6},"end":{"line":8,"column":null}},"1":{"start":{"line":10,"column":14},"end":{"line":20,"column":null}},"2":{"start":{"line":15,"column":2},"end":{"line":19,"column":null}},"3":{"start":{"line":21,"column":0},"end":{"line":21,"column":null}}},"fnMap":{"0":{"name":"(anonymous_0)","decl":{"start":{"line":14,"column":2},"end":{"line":14,"column":3}},"loc":{"start":{"line":15,"column":2},"end":{"line":19,"column":null}},"line":15}},"branchMap":{},"s":{"0":1,"1":1,"2":4652,"3":1},"f":{"0":4652},"b":{},"meta":{"lastBranch":0,"lastFunction":1,"lastStatement":4,"seen":{"s:6:6:8:Infinity":0,"s:10:14:20:Infinity":1,"f:14:2:14:3":0,"s:15:2:19:Infinity":2,"s:21:0:21:Infinity":3}}}
,"C:\\Dev\\hay-chess-tracker\\src\\components\\ui\\table.tsx": {"path":"C:\\Dev\\hay-chess-tracker\\src\\components\\ui\\table.tsx","statementMap":{"0":{"start":{"line":4,"column":14},"end":{"line":15,"column":null}},"1":{"start":{"line":8,"column":2},"end":{"line":14,"column":null}},"2":{"start":{"line":16,"column":0},"end":{"line":16,"column":null}},"3":{"start":{"line":18,"column":20},"end":{"line":23,"column":null}},"4":{"start":{"line":22,"column":2},"end":{"line":22,"column":null}},"5":{"start":{"line":24,"column":0},"end":{"line":24,"column":null}},"6":{"start":{"line":26,"column":18},"end":{"line":35,"column":null}},"7":{"start":{"line":30,"column":2},"end":{"line":34,"column":null}},"8":{"start":{"line":36,"column":0},"end":{"line":36,"column":null}},"9":{"start":{"line":38,"column":20},"end":{"line":50,"column":null}},"10":{"start":{"line":42,"column":2},"end":{"line":49,"column":null}},"11":{"start":{"line":51,"column":0},"end":{"line":51,"column":null}},"12":{"start":{"line":53,"column":17},"end":{"line":65,"column":null}},"13":{"start":{"line":57,"column":2},"end":{"line":64,"column":null}},"14":{"start":{"line":66,"column":0},"end":{"line":66,"column":null}},"15":{"start":{"line":68,"column":18},"end":{"line":80,"column":null}},"16":{"start":{"line":72,"column":2},"end":{"line":79,"column":null}},"17":{"start":{"line":81,"column":0},"end":{"line":81,"column":null}},"18":{"start":{"line":83,"column":18},"end":{"line":92,"column":null}},"19":{"start":{"line":87,"column":2},"end":{"line":91,"column":null}},"20":{"start":{"line":93,"column":0},"end":{"line":93,"column":null}},"21":{"start":{"line":95,"column":21},"end":{"line":104,"column":null}},"22":{"start":{"line":99,"column":2},"end":{"line":103,"column":null}},"23":{"start":{"line":105,"column":0},"end":{"line":105,"column":null}}},"fnMap":{"0":{"name":"(anonymous_0)","decl":{"start":{"line":7,"column":2},"end":{"line":7,"column":3}},"loc":{"start":{"line":8,"column":2},"end":{"line":14,"column":null}},"line":8},"1":{"name":"(anonymous_1)","decl":{"start":{"line":21,"column":2},"end":{"line":21,"column":3}},"loc":{"start":{"line":22,"column":2},"end":{"line":22,"column":null}},"line":22},"2":{"name":"(anonymous_2)","decl":{"start":{"line":29,"column":2},"end":{"line":29,"column":3}},"loc":{"start":{"line":30,"column":2},"end":{"line":34,"column":null}},"line":30},"3":{"name":"(anonymous_3)","decl":{"start":{"line":41,"column":2},"end":{"line":41,"column":3}},"loc":{"start":{"line":42,"column":2},"end":{"line":49,"column":null}},"line":42},"4":{"name":"(anonymous_4)","decl":{"start":{"line":56,"column":2},"end":{"line":56,"column":3}},"loc":{"start":{"line":57,"column":2},"end":{"line":64,"column":null}},"line":57},"5":{"name":"(anonymous_5)","decl":{"start":{"line":71,"column":2},"end":{"line":71,"column":3}},"loc":{"start":{"line":72,"column":2},"end":{"line":79,"column":null}},"line":72},"6":{"name":"(anonymous_6)","decl":{"start":{"line":86,"column":2},"end":{"line":86,"column":3}},"loc":{"start":{"line":87,"column":2},"end":{"line":91,"column":null}},"line":87},"7":{"name":"(anonymous_7)","decl":{"start":{"line":98,"column":2},"end":{"line":98,"column":3}},"loc":{"start":{"line":99,"column":2},"end":{"line":103,"column":null}},"line":99}},"branchMap":{},"s":{"0":2,"1":58,"2":2,"3":2,"4":58,"5":2,"6":2,"7":58,"8":2,"9":2,"10":0,"11":2,"12":2,"13":156,"14":2,"15":2,"16":584,"17":2,"18":2,"19":994,"20":2,"21":2,"22":0,"23":2},"f":{"0":58,"1":58,"2":58,"3":0,"4":156,"5":584,"6":994,"7":0},"b":{},"meta":{"lastBranch":0,"lastFunction":8,"lastStatement":24,"seen":{"s:4:14:15:Infinity":0,"f:7:2:7:3":0,"s:8:2:14:Infinity":1,"s:16:0:16:Infinity":2,"s:18:20:23:Infinity":3,"f:21:2:21:3":1,"s:22:2:22:Infinity":4,"s:24:0:24:Infinity":5,"s:26:18:35:Infinity":6,"f:29:2:29:3":2,"s:30:2:34:Infinity":7,"s:36:0:36:Infinity":8,"s:38:20:50:Infinity":9,"f:41:2:41:3":3,"s:42:2:49:Infinity":10,"s:51:0:51:Infinity":11,"s:53:17:65:Infinity":12,"f:56:2:56:3":4,"s:57:2:64:Infinity":13,"s:66:0:66:Infinity":14,"s:68:18:80:Infinity":15,"f:71:2:71:3":5,"s:72:2:79:Infinity":16,"s:81:0:81:Infinity":17,"s:83:18:92:Infinity":18,"f:86:2:86:3":6,"s:87:2:91:Infinity":19,"s:93:0:93:Infinity":20,"s:95:21:104:Infinity":21,"f:98:2:98:3":7,"s:99:2:103:Infinity":22,"s:105:0:105:Infinity":23}}}
,"C:\\Dev\\hay-chess-tracker\\src\\components\\ui\\tabs.tsx": {"path":"C:\\Dev\\hay-chess-tracker\\src\\components\\ui\\tabs.tsx","statementMap":{"0":{"start":{"line":5,"column":13},"end":{"line":5,"column":null}},"1":{"start":{"line":7,"column":17},"end":{"line":19,"column":null}},"2":{"start":{"line":11,"column":2},"end":{"line":18,"column":null}},"3":{"start":{"line":20,"column":0},"end":{"line":20,"column":null}},"4":{"start":{"line":22,"column":20},"end":{"line":34,"column":null}},"5":{"start":{"line":26,"column":2},"end":{"line":33,"column":null}},"6":{"start":{"line":35,"column":0},"end":{"line":35,"column":null}},"7":{"start":{"line":37,"column":20},"end":{"line":49,"column":null}},"8":{"start":{"line":41,"column":2},"end":{"line":48,"column":null}},"9":{"start":{"line":50,"column":0},"end":{"line":50,"column":null}}},"fnMap":{"0":{"name":"(anonymous_0)","decl":{"start":{"line":10,"column":2},"end":{"line":10,"column":3}},"loc":{"start":{"line":11,"column":2},"end":{"line":18,"column":null}},"line":11},"1":{"name":"(anonymous_1)","decl":{"start":{"line":25,"column":2},"end":{"line":25,"column":3}},"loc":{"start":{"line":26,"column":2},"end":{"line":33,"column":null}},"line":26},"2":{"name":"(anonymous_2)","decl":{"start":{"line":40,"column":2},"end":{"line":40,"column":3}},"loc":{"start":{"line":41,"column":2},"end":{"line":48,"column":null}},"line":41}},"branchMap":{},"s":{"0":1,"1":1,"2":29,"3":1,"4":1,"5":62,"6":1,"7":1,"8":62,"9":1},"f":{"0":29,"1":62,"2":62},"b":{},"meta":{"lastBranch":0,"lastFunction":3,"lastStatement":10,"seen":{"s:5:13:5:Infinity":0,"s:7:17:19:Infinity":1,"f:10:2:10:3":0,"s:11:2:18:Infinity":2,"s:20:0:20:Infinity":3,"s:22:20:34:Infinity":4,"f:25:2:25:3":1,"s:26:2:33:Infinity":5,"s:35:0:35:Infinity":6,"s:37:20:49:Infinity":7,"f:40:2:40:3":2,"s:41:2:48:Infinity":8,"s:50:0:50:Infinity":9}}}
,"C:\\Dev\\hay-chess-tracker\\src\\lib\\parser.ts": {"path":"C:\\Dev\\hay-chess-tracker\\src\\lib\\parser.ts","statementMap":{"0":{"start":{"line":13,"column":18},"end":{"line":13,"column":null}},"1":{"start":{"line":19,"column":2},"end":{"line":19,"column":null}},"2":{"start":{"line":27,"column":2},"end":{"line":30,"column":null}},"3":{"start":{"line":37,"column":16},"end":{"line":37,"column":null}},"4":{"start":{"line":38,"column":2},"end":{"line":38,"column":null}},"5":{"start":{"line":45,"column":21},"end":{"line":45,"column":null}},"6":{"start":{"line":46,"column":2},"end":{"line":46,"column":null}},"7":{"start":{"line":58,"column":2},"end":{"line":58,"column":null}},"8":{"start":{"line":58,"column":37},"end":{"line":58,"column":null}},"9":{"start":{"line":61,"column":2},"end":{"line":63,"column":null}},"10":{"start":{"line":62,"column":4},"end":{"line":62,"column":null}},"11":{"start":{"line":66,"column":16},"end":{"line":66,"column":null}},"12":{"start":{"line":67,"column":2},"end":{"line":67,"column":null}},"13":{"start":{"line":67,"column":14},"end":{"line":67,"column":null}},"14":{"start":{"line":69,"column":34},"end":{"line":69,"column":null}},"15":{"start":{"line":72,"column":2},"end":{"line":74,"column":null}},"16":{"start":{"line":72,"column":22},"end":{"line":72,"column":null}},"17":{"start":{"line":72,"column":30},"end":{"line":74,"column":null}},"18":{"start":{"line":73,"column":27},"end":{"line":73,"column":null}},"19":{"start":{"line":74,"column":7},"end":{"line":74,"column":null}},"20":{"start":{"line":76,"column":2},"end":{"line":80,"column":null}},"21":{"start":{"line":88,"column":12},"end":{"line":88,"column":null}},"22":{"start":{"line":89,"column":24},"end":{"line":89,"column":null}},"23":{"start":{"line":92,"column":2},"end":{"line":103,"column":null}},"24":{"start":{"line":93,"column":18},"end":{"line":93,"column":null}},"25":{"start":{"line":94,"column":4},"end":{"line":94,"column":null}},"26":{"start":{"line":94,"column":26},"end":{"line":94,"column":null}},"27":{"start":{"line":96,"column":20},"end":{"line":96,"column":null}},"28":{"start":{"line":97,"column":17},"end":{"line":97,"column":null}},"29":{"start":{"line":98,"column":17},"end":{"line":98,"column":null}},"30":{"start":{"line":100,"column":4},"end":{"line":102,"column":null}},"31":{"start":{"line":101,"column":6},"end":{"line":101,"column":null}},"32":{"start":{"line":105,"column":2},"end":{"line":105,"column":null}},"33":{"start":{"line":118,"column":12},"end":{"line":118,"column":null}},"34":{"start":{"line":119,"column":28},"end":{"line":119,"column":null}},"35":{"start":{"line":122,"column":16},"end":{"line":122,"column":null}},"36":{"start":{"line":123,"column":20},"end":{"line":123,"column":null}},"37":{"start":{"line":126,"column":33},"end":{"line":126,"column":null}},"38":{"start":{"line":127,"column":2},"end":{"line":132,"column":null}},"39":{"start":{"line":128,"column":17},"end":{"line":128,"column":null}},"40":{"start":{"line":129,"column":4},"end":{"line":131,"column":null}},"41":{"start":{"line":130,"column":6},"end":{"line":130,"column":null}},"42":{"start":{"line":133,"column":20},"end":{"line":133,"column":null}},"43":{"start":{"line":136,"column":17},"end":{"line":136,"column":null}},"44":{"start":{"line":137,"column":22},"end":{"line":137,"column":null}},"45":{"start":{"line":138,"column":18},"end":{"line":138,"column":null}},"46":{"start":{"line":140,"column":2},"end":{"line":145,"column":null}},"47":{"start":{"line":141,"column":17},"end":{"line":141,"column":null}},"48":{"start":{"line":142,"column":4},"end":{"line":142,"column":null}},"49":{"start":{"line":142,"column":24},"end":{"line":142,"column":null}},"50":{"start":{"line":143,"column":4},"end":{"line":143,"column":null}},"51":{"start":{"line":143,"column":41},"end":{"line":143,"column":null}},"52":{"start":{"line":144,"column":4},"end":{"line":144,"column":null}},"53":{"start":{"line":144,"column":25},"end":{"line":144,"column":null}},"54":{"start":{"line":148,"column":2},"end":{"line":198,"column":null}},"55":{"start":{"line":149,"column":18},"end":{"line":149,"column":null}},"56":{"start":{"line":150,"column":4},"end":{"line":150,"column":null}},"57":{"start":{"line":150,"column":26},"end":{"line":150,"column":null}},"58":{"start":{"line":153,"column":20},"end":{"line":153,"column":null}},"59":{"start":{"line":154,"column":20},"end":{"line":154,"column":null}},"60":{"start":{"line":155,"column":17},"end":{"line":155,"column":null}},"61":{"start":{"line":157,"column":20},"end":{"line":157,"column":null}},"62":{"start":{"line":158,"column":16},"end":{"line":158,"column":null}},"63":{"start":{"line":161,"column":17},"end":{"line":161,"column":null}},"64":{"start":{"line":164,"column":4},"end":{"line":164,"column":null}},"65":{"start":{"line":164,"column":28},"end":{"line":164,"column":null}},"66":{"start":{"line":167,"column":30},"end":{"line":167,"column":null}},"67":{"start":{"line":168,"column":4},"end":{"line":172,"column":null}},"68":{"start":{"line":169,"column":23},"end":{"line":169,"column":null}},"69":{"start":{"line":170,"column":21},"end":{"line":170,"column":null}},"70":{"start":{"line":171,"column":6},"end":{"line":171,"column":null}},"71":{"start":{"line":171,"column":18},"end":{"line":171,"column":null}},"72":{"start":{"line":175,"column":26},"end":{"line":177,"column":null}},"73":{"start":{"line":179,"column":21},"end":{"line":181,"column":null}},"74":{"start":{"line":183,"column":24},"end":{"line":185,"column":null}},"75":{"start":{"line":187,"column":4},"end":{"line":197,"column":null}},"76":{"start":{"line":200,"column":2},"end":{"line":200,"column":null}},"77":{"start":{"line":207,"column":17},"end":{"line":207,"column":null}},"78":{"start":{"line":208,"column":2},"end":{"line":214,"column":null}},"79":{"start":{"line":209,"column":4},"end":{"line":213,"column":null}},"80":{"start":{"line":210,"column":6},"end":{"line":212,"column":null}},"81":{"start":{"line":211,"column":8},"end":{"line":211,"column":null}},"82":{"start":{"line":215,"column":2},"end":{"line":215,"column":null}},"83":{"start":{"line":225,"column":22},"end":{"line":225,"column":null}},"84":{"start":{"line":227,"column":2},"end":{"line":234,"column":null}},"85":{"start":{"line":228,"column":4},"end":{"line":233,"column":null}},"86":{"start":{"line":237,"column":22},"end":{"line":242,"column":null}},"87":{"start":{"line":238,"column":28},"end":{"line":240,"column":null}},"88":{"start":{"line":239,"column":19},"end":{"line":239,"column":42}},"89":{"start":{"line":240,"column":26},"end":{"line":240,"column":41}},"90":{"start":{"line":241,"column":4},"end":{"line":241,"column":null}},"91":{"start":{"line":244,"column":24},"end":{"line":244,"column":null}},"92":{"start":{"line":246,"column":2},"end":{"line":251,"column":null}},"93":{"start":{"line":267,"column":24},"end":{"line":267,"column":null}},"94":{"start":{"line":270,"column":18},"end":{"line":270,"column":null}},"95":{"start":{"line":273,"column":23},"end":{"line":273,"column":null}},"96":{"start":{"line":275,"column":2},"end":{"line":275,"column":null}}},"fnMap":{"0":{"name":"getListUrl","decl":{"start":{"line":18,"column":16},"end":{"line":18,"column":27}},"loc":{"start":{"line":18,"column":55},"end":{"line":20,"column":null}},"line":18},"1":{"name":"cleanPlayerName","decl":{"start":{"line":26,"column":9},"end":{"line":26,"column":25}},"loc":{"start":{"line":26,"column":46},"end":{"line":31,"column":null}},"line":26},"2":{"name":"parseElo","decl":{"start":{"line":36,"column":9},"end":{"line":36,"column":18}},"loc":{"start":{"line":36,"column":40},"end":{"line":39,"column":null}},"line":36},"3":{"name":"parsePoints","decl":{"start":{"line":44,"column":9},"end":{"line":44,"column":21}},"loc":{"start":{"line":44,"column":43},"end":{"line":47,"column":null}},"line":44},"4":{"name":"parseRoundResult","decl":{"start":{"line":54,"column":9},"end":{"line":54,"column":null}},"loc":{"start":{"line":57,"column":17},"end":{"line":81,"column":null}},"line":57},"5":{"name":"parsePlayerClubs","decl":{"start":{"line":87,"column":16},"end":{"line":87,"column":33}},"loc":{"start":{"line":87,"column":72},"end":{"line":106,"column":null}},"line":87},"6":{"name":"(anonymous_6)","decl":{"start":{"line":92,"column":21},"end":{"line":92,"column":22}},"loc":{"start":{"line":92,"column":33},"end":{"line":103,"column":3}},"line":92},"7":{"name":"parseResults","decl":{"start":{"line":114,"column":16},"end":{"line":114,"column":null}},"loc":{"start":{"line":117,"column":12},"end":{"line":201,"column":null}},"line":117},"8":{"name":"(anonymous_8)","decl":{"start":{"line":127,"column":28},"end":{"line":127,"column":29}},"loc":{"start":{"line":127,"column":39},"end":{"line":132,"column":3}},"line":127},"9":{"name":"(anonymous_9)","decl":{"start":{"line":140,"column":28},"end":{"line":140,"column":29}},"loc":{"start":{"line":140,"column":39},"end":{"line":145,"column":3}},"line":140},"10":{"name":"(anonymous_10)","decl":{"start":{"line":148,"column":30},"end":{"line":148,"column":31}},"loc":{"start":{"line":148,"column":42},"end":{"line":198,"column":3}},"line":148},"11":{"name":"(anonymous_11)","decl":{"start":{"line":168,"column":25},"end":{"line":168,"column":26}},"loc":{"start":{"line":168,"column":51},"end":{"line":172,"column":5}},"line":168},"12":{"name":"detectCurrentRound","decl":{"start":{"line":206,"column":16},"end":{"line":206,"column":35}},"loc":{"start":{"line":206,"column":62},"end":{"line":216,"column":null}},"line":206},"13":{"name":"(anonymous_13)","decl":{"start":{"line":208,"column":18},"end":{"line":208,"column":28}},"loc":{"start":{"line":208,"column":28},"end":{"line":214,"column":3}},"line":208},"14":{"name":"(anonymous_14)","decl":{"start":{"line":209,"column":27},"end":{"line":209,"column":37}},"loc":{"start":{"line":209,"column":37},"end":{"line":213,"column":5}},"line":209},"15":{"name":"calculateClubStats","decl":{"start":{"line":221,"column":16},"end":{"line":221,"column":null}},"loc":{"start":{"line":224,"column":13},"end":{"line":252,"column":null}},"line":224},"16":{"name":"(anonymous_16)","decl":{"start":{"line":237,"column":37},"end":{"line":237,"column":38}},"loc":{"start":{"line":237,"column":54},"end":{"line":242,"column":5}},"line":237},"17":{"name":"(anonymous_17)","decl":{"start":{"line":239,"column":14},"end":{"line":239,"column":19}},"loc":{"start":{"line":239,"column":19},"end":{"line":239,"column":42}},"line":239},"18":{"name":"(anonymous_18)","decl":{"start":{"line":240,"column":14},"end":{"line":240,"column":15}},"loc":{"start":{"line":240,"column":26},"end":{"line":240,"column":41}},"line":240},"19":{"name":"parseFFePages","decl":{"start":{"line":262,"column":16},"end":{"line":262,"column":null}},"loc":{"start":{"line":265,"column":47},"end":{"line":276,"column":null}},"line":265}},"branchMap":{"0":{"loc":{"start":{"line":38,"column":9},"end":{"line":38,"column":null}},"type":"cond-expr","locations":[{"start":{"line":38,"column":17},"end":{"line":38,"column":38}},{"start":{"line":38,"column":38},"end":{"line":38,"column":null}}],"line":38},"1":{"loc":{"start":{"line":46,"column":9},"end":{"line":46,"column":null}},"type":"binary-expr","locations":[{"start":{"line":46,"column":9},"end":{"line":46,"column":35}},{"start":{"line":46,"column":35},"end":{"line":46,"column":null}}],"line":46},"2":{"loc":{"start":{"line":58,"column":2},"end":{"line":58,"column":null}},"type":"if","locations":[{"start":{"line":58,"column":2},"end":{"line":58,"column":null}},{"start":{},"end":{}}],"line":58},"3":{"loc":{"start":{"line":58,"column":6},"end":{"line":58,"column":37}},"type":"binary-expr","locations":[{"start":{"line":58,"column":6},"end":{"line":58,"column":19}},{"start":{"line":58,"column":19},"end":{"line":58,"column":37}}],"line":58},"4":{"loc":{"start":{"line":61,"column":2},"end":{"line":63,"column":null}},"type":"if","locations":[{"start":{"line":61,"column":2},"end":{"line":63,"column":null}},{"start":{},"end":{}}],"line":61},"5":{"loc":{"start":{"line":61,"column":6},"end":{"line":61,"column":54}},"type":"binary-expr","locations":[{"start":{"line":61,"column":6},"end":{"line":61,"column":28}},{"start":{"line":61,"column":28},"end":{"line":61,"column":54}}],"line":61},"6":{"loc":{"start":{"line":67,"column":2},"end":{"line":67,"column":null}},"type":"if","locations":[{"start":{"line":67,"column":2},"end":{"line":67,"column":null}},{"start":{},"end":{}}],"line":67},"7":{"loc":{"start":{"line":72,"column":2},"end":{"line":74,"column":null}},"type":"if","locations":[{"start":{"line":72,"column":2},"end":{"line":74,"column":null}},{"start":{"line":72,"column":30},"end":{"line":74,"column":null}}],"line":72},"8":{"loc":{"start":{"line":72,"column":30},"end":{"line":74,"column":null}},"type":"if","locations":[{"start":{"line":72,"column":30},"end":{"line":74,"column":null}},{"start":{"line":74,"column":7},"end":{"line":74,"column":null}}],"line":72},"9":{"loc":{"start":{"line":94,"column":4},"end":{"line":94,"column":null}},"type":"if","locations":[{"start":{"line":94,"column":4},"end":{"line":94,"column":null}},{"start":{},"end":{}}],"line":94},"10":{"loc":{"start":{"line":100,"column":4},"end":{"line":102,"column":null}},"type":"if","locations":[{"start":{"line":100,"column":4},"end":{"line":102,"column":null}},{"start":{},"end":{}}],"line":100},"11":{"loc":{"start":{"line":100,"column":8},"end":{"line":100,"column":22}},"type":"binary-expr","locations":[{"start":{"line":100,"column":8},"end":{"line":100,"column":16}},{"start":{"line":100,"column":16},"end":{"line":100,"column":22}}],"line":100},"12":{"loc":{"start":{"line":129,"column":4},"end":{"line":131,"column":null}},"type":"if","locations":[{"start":{"line":129,"column":4},"end":{"line":131,"column":null}},{"start":{},"end":{}}],"line":129},"13":{"loc":{"start":{"line":142,"column":4},"end":{"line":142,"column":null}},"type":"if","locations":[{"start":{"line":142,"column":4},"end":{"line":142,"column":null}},{"start":{},"end":{}}],"line":142},"14":{"loc":{"start":{"line":143,"column":4},"end":{"line":143,"column":null}},"type":"if","locations":[{"start":{"line":143,"column":4},"end":{"line":143,"column":null}},{"start":{},"end":{}}],"line":143},"15":{"loc":{"start":{"line":143,"column":8},"end":{"line":143,"column":41}},"type":"binary-expr","locations":[{"start":{"line":143,"column":8},"end":{"line":143,"column":26}},{"start":{"line":143,"column":26},"end":{"line":143,"column":41}}],"line":143},"16":{"loc":{"start":{"line":144,"column":4},"end":{"line":144,"column":null}},"type":"if","locations":[{"start":{"line":144,"column":4},"end":{"line":144,"column":null}},{"start":{},"end":{}}],"line":144},"17":{"loc":{"start":{"line":150,"column":4},"end":{"line":150,"column":null}},"type":"if","locations":[{"start":{"line":150,"column":4},"end":{"line":150,"column":null}},{"start":{},"end":{}}],"line":150},"18":{"loc":{"start":{"line":153,"column":20},"end":{"line":153,"column":null}},"type":"binary-expr","locations":[{"start":{"line":153,"column":20},"end":{"line":153,"column":59}},{"start":{"line":153,"column":59},"end":{"line":153,"column":null}}],"line":153},"19":{"loc":{"start":{"line":161,"column":17},"end":{"line":161,"column":null}},"type":"binary-expr","locations":[{"start":{"line":161,"column":17},"end":{"line":161,"column":44}},{"start":{"line":161,"column":44},"end":{"line":161,"column":null}}],"line":161},"20":{"loc":{"start":{"line":164,"column":4},"end":{"line":164,"column":null}},"type":"if","locations":[{"start":{"line":164,"column":4},"end":{"line":164,"column":null}},{"start":{},"end":{}}],"line":164},"21":{"loc":{"start":{"line":171,"column":6},"end":{"line":171,"column":null}},"type":"if","locations":[{"start":{"line":171,"column":6},"end":{"line":171,"column":null}},{"start":{},"end":{}}],"line":171},"22":{"loc":{"start":{"line":175,"column":26},"end":{"line":177,"column":null}},"type":"cond-expr","locations":[{"start":{"line":176,"column":8},"end":{"line":176,"column":null}},{"start":{"line":177,"column":8},"end":{"line":177,"column":null}}],"line":175},"23":{"loc":{"start":{"line":179,"column":21},"end":{"line":181,"column":null}},"type":"cond-expr","locations":[{"start":{"line":180,"column":8},"end":{"line":180,"column":null}},{"start":{"line":181,"column":8},"end":{"line":181,"column":null}}],"line":179},"24":{"loc":{"start":{"line":180,"column":8},"end":{"line":180,"column":null}},"type":"binary-expr","locations":[{"start":{"line":180,"column":8},"end":{"line":180,"column":61}},{"start":{"line":180,"column":61},"end":{"line":180,"column":null}}],"line":180},"25":{"loc":{"start":{"line":183,"column":24},"end":{"line":185,"column":null}},"type":"cond-expr","locations":[{"start":{"line":184,"column":8},"end":{"line":184,"column":null}},{"start":{"line":185,"column":8},"end":{"line":185,"column":null}}],"line":183},"26":{"loc":{"start":{"line":184,"column":8},"end":{"line":184,"column":null}},"type":"binary-expr","locations":[{"start":{"line":184,"column":8},"end":{"line":184,"column":55}},{"start":{"line":184,"column":55},"end":{"line":184,"column":null}}],"line":184},"27":{"loc":{"start":{"line":210,"column":6},"end":{"line":212,"column":null}},"type":"if","locations":[{"start":{"line":210,"column":6},"end":{"line":212,"column":null}},{"start":{},"end":{}}],"line":210},"28":{"loc":{"start":{"line":227,"column":2},"end":{"line":234,"column":null}},"type":"if","locations":[{"start":{"line":227,"column":2},"end":{"line":234,"column":null}},{"start":{},"end":{}}],"line":227}},"s":{"0":1,"1":1,"2":9,"3":5,"4":5,"5":4,"6":4,"7":7,"8":0,"9":7,"10":1,"11":6,"12":6,"13":0,"14":6,"15":6,"16":3,"17":3,"18":1,"19":2,"20":6,"21":4,"22":4,"23":4,"24":4,"25":4,"26":0,"27":4,"28":4,"29":4,"30":4,"31":4,"32":4,"33":5,"34":5,"35":5,"36":5,"37":5,"38":5,"39":29,"40":29,"41":7,"42":5,"43":5,"44":5,"45":5,"46":5,"47":29,"48":29,"49":5,"50":29,"51":1,"52":29,"53":1,"54":5,"55":6,"56":6,"57":1,"58":5,"59":6,"60":6,"61":6,"62":6,"63":6,"64":6,"65":1,"66":4,"67":4,"68":7,"69":7,"70":7,"71":7,"72":4,"73":6,"74":6,"75":6,"76":5,"77":3,"78":3,"79":3,"80":6,"81":4,"82":3,"83":3,"84":3,"85":1,"86":2,"87":3,"88":7,"89":6,"90":3,"91":2,"92":2,"93":1,"94":1,"95":1,"96":1},"f":{"0":1,"1":9,"2":5,"3":4,"4":7,"5":4,"6":4,"7":5,"8":29,"9":29,"10":6,"11":7,"12":3,"13":3,"14":6,"15":3,"16":3,"17":7,"18":6,"19":1},"b":{"0":[5,0],"1":[4,0],"2":[0,7],"3":[7,7],"4":[1,6],"5":[7,6],"6":[0,6],"7":[3,3],"8":[1,2],"9":[0,4],"10":[4,0],"11":[4,4],"12":[7,22],"13":[5,24],"14":[1,28],"15":[29,29],"16":[1,28],"17":[1,5],"18":[5,0],"19":[6,0],"20":[1,5],"21":[7,0],"22":[4,0],"23":[1,3],"24":[1,0],"25":[1,3],"26":[1,0],"27":[4,2],"28":[1,2]},"meta":{"lastBranch":29,"lastFunction":20,"lastStatement":97,"seen":{"s:13:18:13:Infinity":0,"f:18:16:18:27":0,"s:19:2:19:Infinity":1,"f:26:9:26:25":1,"s:27:2:30:Infinity":2,"f:36:9:36:18":2,"s:37:16:37:Infinity":3,"s:38:2:38:Infinity":4,"b:38:17:38:38:38:38:38:Infinity":0,"f:44:9:44:21":3,"s:45:21:45:Infinity":5,"s:46:2:46:Infinity":6,"b:46:9:46:35:46:35:46:Infinity":1,"f:54:9:54:Infinity":4,"b:58:2:58:Infinity:undefined:undefined:undefined:undefined":2,"s:58:2:58:Infinity":7,"b:58:6:58:19:58:19:58:37":3,"s:58:37:58:Infinity":8,"b:61:2:63:Infinity:undefined:undefined:undefined:undefined":4,"s:61:2:63:Infinity":9,"b:61:6:61:28:61:28:61:54":5,"s:62:4:62:Infinity":10,"s:66:16:66:Infinity":11,"b:67:2:67:Infinity:undefined:undefined:undefined:undefined":6,"s:67:2:67:Infinity":12,"s:67:14:67:Infinity":13,"s:69:34:69:Infinity":14,"b:72:2:74:Infinity:72:30:74:Infinity":7,"s:72:2:74:Infinity":15,"s:72:22:72:Infinity":16,"b:72:30:74:Infinity:74:7:74:Infinity":8,"s:72:30:74:Infinity":17,"s:73:27:73:Infinity":18,"s:74:7:74:Infinity":19,"s:76:2:80:Infinity":20,"f:87:16:87:33":5,"s:88:12:88:Infinity":21,"s:89:24:89:Infinity":22,"s:92:2:103:Infinity":23,"f:92:21:92:22":6,"s:93:18:93:Infinity":24,"b:94:4:94:Infinity:undefined:undefined:undefined:undefined":9,"s:94:4:94:Infinity":25,"s:94:26:94:Infinity":26,"s:96:20:96:Infinity":27,"s:97:17:97:Infinity":28,"s:98:17:98:Infinity":29,"b:100:4:102:Infinity:undefined:undefined:undefined:undefined":10,"s:100:4:102:Infinity":30,"b:100:8:100:16:100:16:100:22":11,"s:101:6:101:Infinity":31,"s:105:2:105:Infinity":32,"f:114:16:114:Infinity":7,"s:118:12:118:Infinity":33,"s:119:28:119:Infinity":34,"s:122:16:122:Infinity":35,"s:123:20:123:Infinity":36,"s:126:33:126:Infinity":37,"s:127:2:132:Infinity":38,"f:127:28:127:29":8,"s:128:17:128:Infinity":39,"b:129:4:131:Infinity:undefined:undefined:undefined:undefined":12,"s:129:4:131:Infinity":40,"s:130:6:130:Infinity":41,"s:133:20:133:Infinity":42,"s:136:17:136:Infinity":43,"s:137:22:137:Infinity":44,"s:138:18:138:Infinity":45,"s:140:2:145:Infinity":46,"f:140:28:140:29":9,"s:141:17:141:Infinity":47,"b:142:4:142:Infinity:undefined:undefined:undefined:undefined":13,"s:142:4:142:Infinity":48,"s:142:24:142:Infinity":49,"b:143:4:143:Infinity:undefined:undefined:undefined:undefined":14,"s:143:4:143:Infinity":50,"b:143:8:143:26:143:26:143:41":15,"s:143:41:143:Infinity":51,"b:144:4:144:Infinity:undefined:undefined:undefined:undefined":16,"s:144:4:144:Infinity":52,"s:144:25:144:Infinity":53,"s:148:2:198:Infinity":54,"f:148:30:148:31":10,"s:149:18:149:Infinity":55,"b:150:4:150:Infinity:undefined:undefined:undefined:undefined":17,"s:150:4:150:Infinity":56,"s:150:26:150:Infinity":57,"s:153:20:153:Infinity":58,"b:153:20:153:59:153:59:153:Infinity":18,"s:154:20:154:Infinity":59,"s:155:17:155:Infinity":60,"s:157:20:157:Infinity":61,"s:158:16:158:Infinity":62,"s:161:17:161:Infinity":63,"b:161:17:161:44:161:44:161:Infinity":19,"b:164:4:164:Infinity:undefined:undefined:undefined:undefined":20,"s:164:4:164:Infinity":64,"s:164:28:164:Infinity":65,"s:167:30:167:Infinity":66,"s:168:4:172:Infinity":67,"f:168:25:168:26":11,"s:169:23:169:Infinity":68,"s:170:21:170:Infinity":69,"b:171:6:171:Infinity:undefined:undefined:undefined:undefined":21,"s:171:6:171:Infinity":70,"s:171:18:171:Infinity":71,"s:175:26:177:Infinity":72,"b:176:8:176:Infinity:177:8:177:Infinity":22,"s:179:21:181:Infinity":73,"b:180:8:180:Infinity:181:8:181:Infinity":23,"b:180:8:180:61:180:61:180:Infinity":24,"s:183:24:185:Infinity":74,"b:184:8:184:Infinity:185:8:185:Infinity":25,"b:184:8:184:55:184:55:184:Infinity":26,"s:187:4:197:Infinity":75,"s:200:2:200:Infinity":76,"f:206:16:206:35":12,"s:207:17:207:Infinity":77,"s:208:2:214:Infinity":78,"f:208:18:208:28":13,"s:209:4:213:Infinity":79,"f:209:27:209:37":14,"b:210:6:212:Infinity:undefined:undefined:undefined:undefined":27,"s:210:6:212:Infinity":80,"s:211:8:211:Infinity":81,"s:215:2:215:Infinity":82,"f:221:16:221:Infinity":15,"s:225:22:225:Infinity":83,"b:227:2:234:Infinity:undefined:undefined:undefined:undefined":28,"s:227:2:234:Infinity":84,"s:228:4:233:Infinity":85,"s:237:22:242:Infinity":86,"f:237:37:237:38":16,"s:238:28:240:Infinity":87,"f:239:14:239:19":17,"s:239:19:239:42":88,"f:240:14:240:15":18,"s:240:26:240:41":89,"s:241:4:241:Infinity":90,"s:244:24:244:Infinity":91,"s:246:2:251:Infinity":92,"f:262:16:262:Infinity":19,"s:267:24:267:Infinity":93,"s:270:18:270:Infinity":94,"s:273:23:273:Infinity":95,"s:275:2:275:Infinity":96}}}
,"C:\\Dev\\hay-chess-tracker\\src\\lib\\storage.ts": {"path":"C:\\Dev\\hay-chess-tracker\\src\\lib\\storage.ts","statementMap":{"0":{"start":{"line":3,"column":20},"end":{"line":3,"column":null}},"1":{"start":{"line":7,"column":2},"end":{"line":24,"column":null}},"2":{"start":{"line":8,"column":17},"end":{"line":8,"column":null}},"3":{"start":{"line":9,"column":4},"end":{"line":15,"column":null}},"4":{"start":{"line":10,"column":6},"end":{"line":14,"column":null}},"5":{"start":{"line":16,"column":4},"end":{"line":16,"column":null}},"6":{"start":{"line":18,"column":4},"end":{"line":18,"column":null}},"7":{"start":{"line":19,"column":4},"end":{"line":23,"column":null}},"8":{"start":{"line":29,"column":2},"end":{"line":34,"column":null}},"9":{"start":{"line":30,"column":4},"end":{"line":30,"column":null}},"10":{"start":{"line":32,"column":4},"end":{"line":32,"column":null}},"11":{"start":{"line":33,"column":4},"end":{"line":33,"column":null}},"12":{"start":{"line":39,"column":15},"end":{"line":39,"column":null}},"13":{"start":{"line":40,"column":2},"end":{"line":40,"column":null}},"14":{"start":{"line":40,"column":28},"end":{"line":40,"column":null}},"15":{"start":{"line":41,"column":2},"end":{"line":41,"column":null}},"16":{"start":{"line":41,"column":31},"end":{"line":41,"column":59}},"17":{"start":{"line":46,"column":15},"end":{"line":46,"column":null}},"18":{"start":{"line":47,"column":24},"end":{"line":47,"column":null}},"19":{"start":{"line":47,"column":51},"end":{"line":47,"column":68}},"20":{"start":{"line":49,"column":2},"end":{"line":53,"column":null}},"21":{"start":{"line":50,"column":4},"end":{"line":50,"column":null}},"22":{"start":{"line":52,"column":4},"end":{"line":52,"column":null}},"23":{"start":{"line":55,"column":2},"end":{"line":55,"column":null}},"24":{"start":{"line":56,"column":2},"end":{"line":56,"column":null}},"25":{"start":{"line":61,"column":15},"end":{"line":61,"column":null}},"26":{"start":{"line":62,"column":2},"end":{"line":62,"column":null}},"27":{"start":{"line":62,"column":40},"end":{"line":62,"column":56}},"28":{"start":{"line":64,"column":2},"end":{"line":66,"column":null}},"29":{"start":{"line":65,"column":4},"end":{"line":65,"column":null}},"30":{"start":{"line":69,"column":16},"end":{"line":69,"column":null}},"31":{"start":{"line":69,"column":38},"end":{"line":69,"column":54}},"32":{"start":{"line":70,"column":2},"end":{"line":74,"column":null}},"33":{"start":{"line":71,"column":4},"end":{"line":73,"column":null}},"34":{"start":{"line":72,"column":6},"end":{"line":72,"column":null}},"35":{"start":{"line":76,"column":2},"end":{"line":76,"column":null}},"36":{"start":{"line":81,"column":15},"end":{"line":81,"column":null}},"37":{"start":{"line":82,"column":2},"end":{"line":82,"column":null}},"38":{"start":{"line":92,"column":15},"end":{"line":92,"column":null}},"39":{"start":{"line":94,"column":2},"end":{"line":96,"column":null}},"40":{"start":{"line":95,"column":4},"end":{"line":95,"column":null}},"41":{"start":{"line":98,"column":2},"end":{"line":100,"column":null}},"42":{"start":{"line":99,"column":4},"end":{"line":99,"column":null}},"43":{"start":{"line":102,"column":2},"end":{"line":102,"column":null}},"44":{"start":{"line":103,"column":2},"end":{"line":103,"column":null}},"45":{"start":{"line":112,"column":15},"end":{"line":112,"column":null}},"46":{"start":{"line":113,"column":2},"end":{"line":113,"column":null}},"47":{"start":{"line":118,"column":2},"end":{"line":122,"column":null}},"48":{"start":{"line":119,"column":4},"end":{"line":119,"column":null}},"49":{"start":{"line":121,"column":4},"end":{"line":121,"column":null}},"50":{"start":{"line":127,"column":15},"end":{"line":127,"column":null}},"51":{"start":{"line":128,"column":2},"end":{"line":128,"column":null}},"52":{"start":{"line":133,"column":2},"end":{"line":140,"column":null}},"53":{"start":{"line":134,"column":17},"end":{"line":134,"column":null}},"54":{"start":{"line":135,"column":4},"end":{"line":135,"column":null}},"55":{"start":{"line":136,"column":4},"end":{"line":136,"column":null}},"56":{"start":{"line":138,"column":4},"end":{"line":138,"column":null}},"57":{"start":{"line":139,"column":4},"end":{"line":139,"column":null}}},"fnMap":{"0":{"name":"getStorageData","decl":{"start":{"line":6,"column":16},"end":{"line":6,"column":46}},"loc":{"start":{"line":6,"column":46},"end":{"line":25,"column":null}},"line":6},"1":{"name":"setStorageData","decl":{"start":{"line":28,"column":16},"end":{"line":28,"column":31}},"loc":{"start":{"line":28,"column":56},"end":{"line":35,"column":null}},"line":28},"2":{"name":"getCurrentEvent","decl":{"start":{"line":38,"column":16},"end":{"line":38,"column":48}},"loc":{"start":{"line":38,"column":48},"end":{"line":42,"column":null}},"line":38},"3":{"name":"(anonymous_3)","decl":{"start":{"line":41,"column":26},"end":{"line":41,"column":31}},"loc":{"start":{"line":41,"column":31},"end":{"line":41,"column":59}},"line":41},"4":{"name":"saveEvent","decl":{"start":{"line":45,"column":16},"end":{"line":45,"column":26}},"loc":{"start":{"line":45,"column":46},"end":{"line":57,"column":null}},"line":45},"5":{"name":"(anonymous_5)","decl":{"start":{"line":47,"column":46},"end":{"line":47,"column":51}},"loc":{"start":{"line":47,"column":51},"end":{"line":47,"column":68}},"line":47},"6":{"name":"deleteEvent","decl":{"start":{"line":60,"column":16},"end":{"line":60,"column":28}},"loc":{"start":{"line":60,"column":51},"end":{"line":77,"column":null}},"line":60},"7":{"name":"(anonymous_7)","decl":{"start":{"line":62,"column":35},"end":{"line":62,"column":40}},"loc":{"start":{"line":62,"column":40},"end":{"line":62,"column":56}},"line":62},"8":{"name":"(anonymous_8)","decl":{"start":{"line":69,"column":33},"end":{"line":69,"column":38}},"loc":{"start":{"line":69,"column":38},"end":{"line":69,"column":54}},"line":69},"9":{"name":"(anonymous_9)","decl":{"start":{"line":71,"column":30},"end":{"line":71,"column":35}},"loc":{"start":{"line":71,"column":35},"end":{"line":73,"column":5}},"line":71},"10":{"name":"getValidationState","decl":{"start":{"line":80,"column":16},"end":{"line":80,"column":54}},"loc":{"start":{"line":80,"column":54},"end":{"line":83,"column":null}},"line":80},"11":{"name":"setValidation","decl":{"start":{"line":86,"column":16},"end":{"line":86,"column":null}},"loc":{"start":{"line":91,"column":8},"end":{"line":104,"column":null}},"line":91},"12":{"name":"getValidation","decl":{"start":{"line":107,"column":16},"end":{"line":107,"column":null}},"loc":{"start":{"line":111,"column":11},"end":{"line":114,"column":null}},"line":111},"13":{"name":"clearAllData","decl":{"start":{"line":117,"column":16},"end":{"line":117,"column":37}},"loc":{"start":{"line":117,"column":37},"end":{"line":123,"column":null}},"line":117},"14":{"name":"exportData","decl":{"start":{"line":126,"column":16},"end":{"line":126,"column":37}},"loc":{"start":{"line":126,"column":37},"end":{"line":129,"column":null}},"line":126},"15":{"name":"importData","decl":{"start":{"line":132,"column":16},"end":{"line":132,"column":27}},"loc":{"start":{"line":132,"column":56},"end":{"line":141,"column":null}},"line":132}},"branchMap":{"0":{"loc":{"start":{"line":9,"column":4},"end":{"line":15,"column":null}},"type":"if","locations":[{"start":{"line":9,"column":4},"end":{"line":15,"column":null}},{"start":{},"end":{}}],"line":9},"1":{"loc":{"start":{"line":40,"column":2},"end":{"line":40,"column":null}},"type":"if","locations":[{"start":{"line":40,"column":2},"end":{"line":40,"column":null}},{"start":{},"end":{}}],"line":40},"2":{"loc":{"start":{"line":41,"column":9},"end":{"line":41,"column":null}},"type":"binary-expr","locations":[{"start":{"line":41,"column":9},"end":{"line":41,"column":64}},{"start":{"line":41,"column":64},"end":{"line":41,"column":null}}],"line":41},"3":{"loc":{"start":{"line":49,"column":2},"end":{"line":53,"column":null}},"type":"if","locations":[{"start":{"line":49,"column":2},"end":{"line":53,"column":null}},{"start":{"line":51,"column":9},"end":{"line":53,"column":null}}],"line":49},"4":{"loc":{"start":{"line":64,"column":2},"end":{"line":66,"column":null}},"type":"if","locations":[{"start":{"line":64,"column":2},"end":{"line":66,"column":null}},{"start":{},"end":{}}],"line":64},"5":{"loc":{"start":{"line":65,"column":26},"end":{"line":65,"column":null}},"type":"binary-expr","locations":[{"start":{"line":65,"column":26},"end":{"line":65,"column":48}},{"start":{"line":65,"column":48},"end":{"line":65,"column":null}}],"line":65},"6":{"loc":{"start":{"line":70,"column":2},"end":{"line":74,"column":null}},"type":"if","locations":[{"start":{"line":70,"column":2},"end":{"line":74,"column":null}},{"start":{},"end":{}}],"line":70},"7":{"loc":{"start":{"line":94,"column":2},"end":{"line":96,"column":null}},"type":"if","locations":[{"start":{"line":94,"column":2},"end":{"line":96,"column":null}},{"start":{},"end":{}}],"line":94},"8":{"loc":{"start":{"line":98,"column":2},"end":{"line":100,"column":null}},"type":"if","locations":[{"start":{"line":98,"column":2},"end":{"line":100,"column":null}},{"start":{},"end":{}}],"line":98},"9":{"loc":{"start":{"line":113,"column":9},"end":{"line":113,"column":null}},"type":"binary-expr","locations":[{"start":{"line":113,"column":9},"end":{"line":113,"column":77}},{"start":{"line":113,"column":77},"end":{"line":113,"column":null}}],"line":113}},"s":{"0":1,"1":31,"2":31,"3":31,"4":12,"5":19,"6":1,"7":1,"8":19,"9":19,"10":0,"11":0,"12":3,"13":3,"14":1,"15":2,"16":1,"17":8,"18":8,"19":2,"20":8,"21":1,"22":7,"23":8,"24":8,"25":2,"26":2,"27":3,"28":2,"29":2,"30":2,"31":1,"32":2,"33":0,"34":0,"35":2,"36":1,"37":1,"38":5,"39":5,"40":4,"41":5,"42":5,"43":5,"44":5,"45":2,"46":2,"47":1,"48":1,"49":0,"50":1,"51":1,"52":2,"53":2,"54":2,"55":2,"56":1,"57":1},"f":{"0":31,"1":19,"2":3,"3":1,"4":8,"5":2,"6":2,"7":3,"8":1,"9":0,"10":1,"11":5,"12":2,"13":1,"14":1,"15":2},"b":{"0":[12,19],"1":[1,2],"2":[2,1],"3":[1,7],"4":[2,0],"5":[2,1],"6":[0,2],"7":[4,1],"8":[5,0],"9":[2,1]},"meta":{"lastBranch":10,"lastFunction":16,"lastStatement":58,"seen":{"s:3:20:3:Infinity":0,"f:6:16:6:46":0,"s:7:2:24:Infinity":1,"s:8:17:8:Infinity":2,"b:9:4:15:Infinity:undefined:undefined:undefined:undefined":0,"s:9:4:15:Infinity":3,"s:10:6:14:Infinity":4,"s:16:4:16:Infinity":5,"s:18:4:18:Infinity":6,"s:19:4:23:Infinity":7,"f:28:16:28:31":1,"s:29:2:34:Infinity":8,"s:30:4:30:Infinity":9,"s:32:4:32:Infinity":10,"s:33:4:33:Infinity":11,"f:38:16:38:48":2,"s:39:15:39:Infinity":12,"b:40:2:40:Infinity:undefined:undefined:undefined:undefined":1,"s:40:2:40:Infinity":13,"s:40:28:40:Infinity":14,"s:41:2:41:Infinity":15,"b:41:9:41:64:41:64:41:Infinity":2,"f:41:26:41:31":3,"s:41:31:41:59":16,"f:45:16:45:26":4,"s:46:15:46:Infinity":17,"s:47:24:47:Infinity":18,"f:47:46:47:51":5,"s:47:51:47:68":19,"b:49:2:53:Infinity:51:9:53:Infinity":3,"s:49:2:53:Infinity":20,"s:50:4:50:Infinity":21,"s:52:4:52:Infinity":22,"s:55:2:55:Infinity":23,"s:56:2:56:Infinity":24,"f:60:16:60:28":6,"s:61:15:61:Infinity":25,"s:62:2:62:Infinity":26,"f:62:35:62:40":7,"s:62:40:62:56":27,"b:64:2:66:Infinity:undefined:undefined:undefined:undefined":4,"s:64:2:66:Infinity":28,"s:65:4:65:Infinity":29,"b:65:26:65:48:65:48:65:Infinity":5,"s:69:16:69:Infinity":30,"f:69:33:69:38":8,"s:69:38:69:54":31,"b:70:2:74:Infinity:undefined:undefined:undefined:undefined":6,"s:70:2:74:Infinity":32,"s:71:4:73:Infinity":33,"f:71:30:71:35":9,"s:72:6:72:Infinity":34,"s:76:2:76:Infinity":35,"f:80:16:80:54":10,"s:81:15:81:Infinity":36,"s:82:2:82:Infinity":37,"f:86:16:86:Infinity":11,"s:92:15:92:Infinity":38,"b:94:2:96:Infinity:undefined:undefined:undefined:undefined":7,"s:94:2:96:Infinity":39,"s:95:4:95:Infinity":40,"b:98:2:100:Infinity:undefined:undefined:undefined:undefined":8,"s:98:2:100:Infinity":41,"s:99:4:99:Infinity":42,"s:102:2:102:Infinity":43,"s:103:2:103:Infinity":44,"f:107:16:107:Infinity":12,"s:112:15:112:Infinity":45,"s:113:2:113:Infinity":46,"b:113:9:113:77:113:77:113:Infinity":9,"f:117:16:117:37":13,"s:118:2:122:Infinity":47,"s:119:4:119:Infinity":48,"s:121:4:121:Infinity":49,"f:126:16:126:37":14,"s:127:15:127:Infinity":50,"s:128:2:128:Infinity":51,"f:132:16:132:27":15,"s:133:2:140:Infinity":52,"s:134:17:134:Infinity":53,"s:135:4:135:Infinity":54,"s:136:4:136:Infinity":55,"s:138:4:138:Infinity":56,"s:139:4:139:Infinity":57}}}
,"C:\\Dev\\hay-chess-tracker\\src\\lib\\utils.ts": {"path":"C:\\Dev\\hay-chess-tracker\\src\\lib\\utils.ts","statementMap":{"0":{"start":{"line":5,"column":2},"end":{"line":5,"column":null}}},"fnMap":{"0":{"name":"cn","decl":{"start":{"line":4,"column":16},"end":{"line":4,"column":22}},"loc":{"start":{"line":4,"column":44},"end":{"line":6,"column":null}},"line":4}},"branchMap":{},"s":{"0":18019},"f":{"0":18019},"b":{},"meta":{"lastBranch":0,"lastFunction":1,"lastStatement":1,"seen":{"f:4:16:4:22":0,"s:5:2:5:Infinity":0}}}
}
